autoscan: warning: missing AC_CHECK_FUNCS([gettimeofday]) wanted by: 
	src/vm.c:1529
	src/vm.c:1534
autoscan: warning: missing AC_CHECK_FUNCS([isascii]) wanted by: 
	src/lexer.c:92
	src/lexer.c:268
	src/lexer.c:351
	src/lexer.c:441
autoscan: warning: missing AC_CHECK_FUNCS([memchr]) wanted by: 
	src/string.c:445
autoscan: warning: missing AC_CHECK_FUNCS([memmove]) wanted by: 
	src/string.c:394
autoscan: warning: missing AC_CHECK_FUNCS([memset]) wanted by: 
	src/vm.c:231
	src/vm.c:497
	src/gc/mark-sweep-compact.c:124
	src/gc/mark-sweep-compact.c:481
	tools/lemon/lemon.c:450
	tools/lemon/lemon.c:1431
	tools/lemon/lemon.c:2159
	tools/lemon/lemon.c:2506
autoscan: warning: missing AC_CHECK_FUNCS([munmap]) wanted by: 
	src/vm.c:1143
	src/vm.c:1260
	src/vm.c:1266
	src/gc/mark-sweep-compact.c:217
	src/gc/mark-sweep-compact.c:517
	src/gc/mark-sweep-compact.c:526
autoscan: warning: missing AC_CHECK_FUNCS([strchr]) wanted by: 
	tools/lemon/lemon.c:1749
	tools/lemon/lemon.c:1841
	tools/lemon/lemon.c:2993
autoscan: warning: missing AC_CHECK_FUNCS([strrchr]) wanted by: 
	tools/lemon/lemon.c:2729
	tools/lemon/lemon.c:2976
	tools/lemon/lemon.c:2978
	tools/lemon/lemon.c:3075
autoscan: warning: missing AC_CHECK_FUNCS([strstr]) wanted by: 
	src/lexer.c:513
autoscan: warning: missing AC_CHECK_FUNCS([strtol]) wanted by: 
	tools/lemon/lemon.c:1786
autoscan: warning: missing AC_CHECK_HEADERS([limits.h]) wanted by: 
	src/compile.c:1
	include/yog/yog.h:4
autoscan: warning: missing AC_CHECK_HEADERS([stddef.h]) wanted by: 
	src/gc/mark-sweep-compact.c:2
	include/yog/gc/mark-sweep-compact.h:4
autoscan: warning: missing AC_CHECK_HEADERS([sys/time.h]) wanted by: 
	src/vm.c:6
autoscan: warning: missing AC_FUNC_MMAP wanted by: 
	src/vm.c:1256
	src/gc/mark-sweep-compact.c:510
autoscan: warning: missing AC_FUNC_REALLOC wanted by: 
	src/parser.c:1054
	tools/lemon/lemon.c:459
	tools/lemon/lemon.c:501
	tools/lemon/lemon.c:1376
	tools/lemon/lemon.c:2168
	tools/lemon/lemon.c:2357
	tools/lemon/lemon.c:3233
autoscan: warning: missing AC_FUNC_STRTOD wanted by: 
	tools/lemon/lemon.c:1775
autoscan: warning: missing AC_FUNC_VPRINTF wanted by: 
	src/error.c:17
	tools/lemon/lemon.c:1336
autoscan: warning: missing AC_HEADER_TIME wanted by: 
	src/vm.c:1528
	src/vm.c:1533
autoscan: warning: missing AC_PROG_RANLIB wanted by: 
	ltmain.sh:6809
autoscan: warning: missing AC_PROG_YACC wanted by: 
	src/Makefile.am:8
autoscan: warning: missing AC_TYPE_UINT8_T wanted by: 
	src/thread.c:41
	src/thread.c:41
	src/thread.c:108
	src/thread.c:108
	src/thread.c:173
	src/thread.c:173
	src/thread.c:211
	src/thread.c:211
	src/thread.c:299
	src/thread.c:299
	src/thread.c:336
	src/thread.c:336
	src/thread.c:609
	src/binary.c:32
	src/binary.c:68
	src/binary.c:110
	src/binary.c:112
	src/compile.c:833
	src/compile.c:923
	src/compile.c:1458
	src/compile.c:1466
	src/compile.c:1472
	src/compile.c:1772
	src/code.c:100
	src/code.c:106
	src/code.c:106
	src/code.c:119
	src/code.c:119
	src/code.c:128
	src/code.c:128
	src/code.c:130
	src/code.c:131
	src/code.c:131
	src/code.c:133
	src/code.c:134
	src/code.c:134
	src/code.c:136
	src/code.c:137
	src/code.c:137
	src/code.c:139
	src/code.c:140
	src/code.c:140
	src/code.c:151
	src/code.c:151
	src/code.c:153
	src/code.c:154
	src/code.c:154
	src/code.c:156
	src/code.c:157
	src/code.c:157
	src/code.c:159
	src/code.c:160
	src/code.c:160
	src/code.c:162
	src/code.c:163
	src/code.c:163
	src/inst.c:13
	src/inst.c:14
	src/inst.c:15
	src/inst.c:15
	src/inst.c:16
	src/inst.c:16
	src/inst.c:17
	src/inst.c:17
	src/inst.c:17
	src/inst.c:17
	src/inst.c:17
	src/inst.c:17
	src/inst.c:18
	src/inst.c:19
	src/inst.c:19
	src/inst.c:20
	src/inst.c:20
	src/inst.c:20
	src/inst.c:20
	src/inst.c:20
	src/inst.c:20
	src/inst.c:21
	src/inst.c:22
	src/inst.c:22
	src/inst.c:22
	src/inst.c:22
	src/inst.c:22
	src/inst.c:22
	src/inst.c:23
	src/inst.c:24
	src/inst.c:25
	src/inst.c:25
	src/inst.c:26
	src/inst.c:27
	src/inst.c:28
	src/inst.c:29
	src/inst.c:30
	src/inst.c:31
	src/inst.c:32
	src/inst.c:33
	src/inst.c:34
	src/inst.c:35
	src/inst.c:35
	src/inst.c:35
	src/inst.c:36
	src/inst.c:36
	src/inst.c:36
	src/inst.c:37
	include/yog/inst.h:32
	include/yog/inst.h:35
	include/yog/inst.h:39
	include/yog/inst.h:40
	include/yog/inst.h:41
	include/yog/inst.h:42
	include/yog/inst.h:43
	include/yog/inst.h:49
	include/yog/inst.h:53
	include/yog/inst.h:54
	include/yog/inst.h:55
	include/yog/inst.h:56
	include/yog/inst.h:57
	include/yog/inst.h:62
	include/yog/inst.h:63
	include/yog/inst.h:64
	include/yog/inst.h:65
	include/yog/inst.h:66
	include/yog/inst.h:75
	include/yog/inst.h:98
	include/yog/inst.h:99
	include/yog/inst.h:102
	include/yog/inst.h:103
	include/yog/binary.h:8
	include/yog/binary.h:31
	include/yog/binary.h:35
	include/yog/arg.h:9
	include/yog/arg.h:13
	include/yog/arg.h:16
	include/yog/arg.h:19
