Terminals which are not used

   BAR
   DIV
   LBRACE
   RBRACE


文法

    0 $accept: module $end

    1 module: stmts

    2 stmts: stmt
    3      | stmts newline stmt

    4 stmt: /* 空 */
    5     | func_def
    6     | expr
    7     | NAME args
    8     | TRY stmts excepts ELSE stmts finally_opt END
    9     | TRY stmts excepts finally_opt END
   10     | TRY stmts FINALLY stmts END
   11     | WHILE expr stmts END
   12     | BREAK
   13     | BREAK expr
   14     | NEXT
   15     | NEXT expr
   16     | RETURN
   17     | RETURN expr
   18     | IF expr stmts if_tail END

   19 @1: /* 空 */

   20 stmt: CLASS @1 NAME super_opt stmts END
   21     | NONLOCAL names

   22 names: NAME
   23      | names COMMA NAME

   24 super_opt: /* 空 */
   25          | GREATER expr

   26 if_tail: else_opt
   27        | ELIF expr stmts if_tail

   28 else_opt: /* 空 */
   29         | ELSE stmts

   30 func_def: DEF NAME LPAR params RPAR stmts END

   31 params: params_without_default COMMA params_with_default COMMA block_param COMMA var_param COMMA kw_param
   32       | params_without_default COMMA params_with_default COMMA block_param COMMA var_param
   33       | params_without_default COMMA params_with_default COMMA block_param COMMA kw_param
   34       | params_without_default COMMA params_with_default COMMA block_param
   35       | params_without_default COMMA params_with_default COMMA var_param COMMA kw_param
   36       | params_without_default COMMA params_with_default COMMA var_param
   37       | params_without_default COMMA params_with_default COMMA kw_param
   38       | params_without_default COMMA params_with_default
   39       | params_without_default COMMA block_param COMMA var_param COMMA kw_param
   40       | params_without_default COMMA block_param COMMA var_param
   41       | params_without_default COMMA block_param COMMA kw_param
   42       | params_without_default COMMA block_param
   43       | params_without_default COMMA var_param COMMA kw_param
   44       | params_without_default COMMA var_param
   45       | params_without_default COMMA kw_param
   46       | params_without_default
   47       | params_with_default COMMA block_param COMMA var_param COMMA kw_param
   48       | params_with_default COMMA block_param COMMA var_param
   49       | params_with_default COMMA block_param COMMA kw_param
   50       | params_with_default COMMA block_param
   51       | params_with_default COMMA var_param COMMA kw_param
   52       | params_with_default COMMA var_param
   53       | params_with_default COMMA kw_param
   54       | params_with_default
   55       | block_param COMMA var_param COMMA kw_param
   56       | block_param COMMA var_param
   57       | block_param COMMA kw_param
   58       | block_param
   59       | var_param COMMA kw_param
   60       | var_param
   61       | kw_param
   62       | /* 空 */

   63 kw_param: DOUBLE_STAR NAME

   64 var_param: STAR NAME

   65 block_param: AMPER NAME param_default_opt

   66 param_default_opt: /* 空 */
   67                  | param_default

   68 param_default: EQUAL expr

   69 params_without_default: NAME
   70                       | params_without_default COMMA NAME

   71 params_with_default: param_with_default
   72                    | params_with_default COMMA param_with_default

   73 param_with_default: NAME param_default

   74 args: expr
   75     | args COMMA expr

   76 expr: assign_expr

   77 assign_expr: postfix_expr EQUAL logical_or_expr
   78            | logical_or_expr

   79 logical_or_expr: logical_and_expr

   80 logical_and_expr: not_expr

   81 not_expr: comparison

   82 comparison: xor_expr
   83           | xor_expr comp_op xor_expr

   84 comp_op: LESS

   85 xor_expr: or_expr

   86 or_expr: and_expr

   87 and_expr: shift_expr

   88 shift_expr: match_expr
   89           | shift_expr LSHIFT arith_expr

   90 match_expr: arith_expr
   91           | match_expr EQUAL_TILDA arith_expr

   92 arith_expr: term
   93           | arith_expr PLUS term

   94 term: factor

   95 factor: power

   96 power: postfix_expr

   97 postfix_expr: atom
   98             | postfix_expr LPAR args_opt RPAR blockarg_opt
   99             | postfix_expr LBRACKET expr RBRACKET
  100             | postfix_expr DOT NAME

  101 atom: NAME
  102     | NUMBER
  103     | REGEXP
  104     | STRING
  105     | tTRUE
  106     | tFALSE
  107     | t__LINE__

  108 args_opt: /* 空 */
  109         | args

  110 blockarg_opt: /* 空 */
  111             | DO LBRACKET params RBRACKET stmts END

  112 excepts: except
  113        | excepts except

  114 except: EXCEPT expr AS NAME newline stmts
  115       | EXCEPT expr newline stmts
  116       | EXCEPT newline stmts

  117 newline: NEWLINE

  118 finally_opt: /* 空 */
  119            | FINALLY stmts


出現位置の規則による終端

$end (0) 0
error (256)
AMPER (258) 65
AS (259) 114
BAR (260)
BREAK (261) 12 13
CLASS (262) 20
COMMA (263) 23 31 32 33 34 35 36 37 38 39 40 41 42 43 44 45 47 48 49
    50 51 52 53 55 56 57 59 70 72 75
DEF (264) 30
DIV (265)
DO (266) 111
DOT (267) 100
DOUBLE_STAR (268) 63
ELIF (269) 27
ELSE (270) 8 29
END (271) 8 9 10 11 18 20 30 111
EQUAL (272) 68 77
EQUAL_TILDA (273) 91
EXCEPT (274) 114 115 116
FINALLY (275) 10 119
GREATER (276) 25
IF (277) 18
LBRACE (278)
LBRACKET (279) 99 111
LESS (280) 84
LPAR (281) 30 98
LSHIFT (282) 89
NAME (283) 7 20 22 23 30 63 64 65 69 70 73 100 101 114
NEWLINE (284) 117
NEXT (285) 14 15
NONLOCAL (286) 21
NUMBER (287) 102
PLUS (288) 93
RBRACE (289)
RBRACKET (290) 99 111
REGEXP (291) 103
RETURN (292) 16 17
RPAR (293) 30 98
STAR (294) 64
STRING (295) 104
TRY (296) 8 9 10
WHILE (297) 11
tFALSE (298) 106
tTRUE (299) 105
t__LINE__ (300) 107


出現位置の規則による非終端

$accept (46)
    左辺: 0
module (47)
    左辺: 1, 右辺: 0
stmts (48)
    左辺: 2 3, 右辺: 1 3 8 9 10 11 18 20 27 29 30 111 114 115 116
    119
stmt (49)
    左辺: 4 5 6 7 8 9 10 11 12 13 14 15 16 17 18 20 21,
    右辺: 2 3
@1 (50)
    左辺: 19, 右辺: 20
names (51)
    左辺: 22 23, 右辺: 21 23
super_opt (52)
    左辺: 24 25, 右辺: 20
if_tail (53)
    左辺: 26 27, 右辺: 18 27
else_opt (54)
    左辺: 28 29, 右辺: 26
func_def (55)
    左辺: 30, 右辺: 5
params (56)
    左辺: 31 32 33 34 35 36 37 38 39 40 41 42 43 44 45 46 47 48 49
    50 51 52 53 54 55 56 57 58 59 60 61 62, 右辺: 30 111
kw_param (57)
    左辺: 63, 右辺: 31 33 35 37 39 41 43 45 47 49 51 53 55 57 59
    61
var_param (58)
    左辺: 64, 右辺: 31 32 35 36 39 40 43 44 47 48 51 52 55 56 59
    60
block_param (59)
    左辺: 65, 右辺: 31 32 33 34 39 40 41 42 47 48 49 50 55 56 57
    58
param_default_opt (60)
    左辺: 66 67, 右辺: 65
param_default (61)
    左辺: 68, 右辺: 67 73
params_without_default (62)
    左辺: 69 70, 右辺: 31 32 33 34 35 36 37 38 39 40 41 42 43 44
    45 46 70
params_with_default (63)
    左辺: 71 72, 右辺: 31 32 33 34 35 36 37 38 47 48 49 50 51 52
    53 54 72
param_with_default (64)
    左辺: 73, 右辺: 71 72
args (65)
    左辺: 74 75, 右辺: 7 75 109
expr (66)
    左辺: 76, 右辺: 6 11 13 15 17 18 25 27 68 74 75 99 114 115
assign_expr (67)
    左辺: 77 78, 右辺: 76
logical_or_expr (68)
    左辺: 79, 右辺: 77 78
logical_and_expr (69)
    左辺: 80, 右辺: 79
not_expr (70)
    左辺: 81, 右辺: 80
comparison (71)
    左辺: 82 83, 右辺: 81
comp_op (72)
    左辺: 84, 右辺: 83
xor_expr (73)
    左辺: 85, 右辺: 82 83
or_expr (74)
    左辺: 86, 右辺: 85
and_expr (75)
    左辺: 87, 右辺: 86
shift_expr (76)
    左辺: 88 89, 右辺: 87 89
match_expr (77)
    左辺: 90 91, 右辺: 88 91
arith_expr (78)
    左辺: 92 93, 右辺: 89 90 91 93
term (79)
    左辺: 94, 右辺: 92 93
factor (80)
    左辺: 95, 右辺: 94
power (81)
    左辺: 96, 右辺: 95
postfix_expr (82)
    左辺: 97 98 99 100, 右辺: 77 96 98 99 100
atom (83)
    左辺: 101 102 103 104 105 106 107, 右辺: 97
args_opt (84)
    左辺: 108 109, 右辺: 98
blockarg_opt (85)
    左辺: 110 111, 右辺: 98
excepts (86)
    左辺: 112 113, 右辺: 8 9 113
except (87)
    左辺: 114 115 116, 右辺: 112 113
newline (88)
    左辺: 117, 右辺: 3 114 115 116
finally_opt (89)
    左辺: 118 119, 右辺: 8 9


状態 0

    0 $accept: . module $end

    BREAK      shift, and go to state 1
    CLASS      shift, and go to state 2
    DEF        shift, and go to state 3
    IF         shift, and go to state 4
    NAME       shift, and go to state 5
    NEXT       shift, and go to state 6
    NONLOCAL   shift, and go to state 7
    NUMBER     shift, and go to state 8
    REGEXP     shift, and go to state 9
    RETURN     shift, and go to state 10
    STRING     shift, and go to state 11
    TRY        shift, and go to state 12
    WHILE      shift, and go to state 13
    tFALSE     shift, and go to state 14
    tTRUE      shift, and go to state 15
    t__LINE__  shift, and go to state 16

    $default  reduce using rule 4 (stmt)

    module            go to state 17
    stmts             go to state 18
    stmt              go to state 19
    func_def          go to state 20
    expr              go to state 21
    assign_expr       go to state 22
    logical_or_expr   go to state 23
    logical_and_expr  go to state 24
    not_expr          go to state 25
    comparison        go to state 26
    xor_expr          go to state 27
    or_expr           go to state 28
    and_expr          go to state 29
    shift_expr        go to state 30
    match_expr        go to state 31
    arith_expr        go to state 32
    term              go to state 33
    factor            go to state 34
    power             go to state 35
    postfix_expr      go to state 36
    atom              go to state 37


状態 1

   12 stmt: BREAK .
   13     | BREAK . expr

    NAME       shift, and go to state 38
    NUMBER     shift, and go to state 8
    REGEXP     shift, and go to state 9
    STRING     shift, and go to state 11
    tFALSE     shift, and go to state 14
    tTRUE      shift, and go to state 15
    t__LINE__  shift, and go to state 16

    $default  reduce using rule 12 (stmt)

    expr              go to state 39
    assign_expr       go to state 22
    logical_or_expr   go to state 23
    logical_and_expr  go to state 24
    not_expr          go to state 25
    comparison        go to state 26
    xor_expr          go to state 27
    or_expr           go to state 28
    and_expr          go to state 29
    shift_expr        go to state 30
    match_expr        go to state 31
    arith_expr        go to state 32
    term              go to state 33
    factor            go to state 34
    power             go to state 35
    postfix_expr      go to state 36
    atom              go to state 37


状態 2

   20 stmt: CLASS . @1 NAME super_opt stmts END

    $default  reduce using rule 19 (@1)

    @1  go to state 40


状態 3

   30 func_def: DEF . NAME LPAR params RPAR stmts END

    NAME  shift, and go to state 41


状態 4

   18 stmt: IF . expr stmts if_tail END

    NAME       shift, and go to state 38
    NUMBER     shift, and go to state 8
    REGEXP     shift, and go to state 9
    STRING     shift, and go to state 11
    tFALSE     shift, and go to state 14
    tTRUE      shift, and go to state 15
    t__LINE__  shift, and go to state 16

    expr              go to state 42
    assign_expr       go to state 22
    logical_or_expr   go to state 23
    logical_and_expr  go to state 24
    not_expr          go to state 25
    comparison        go to state 26
    xor_expr          go to state 27
    or_expr           go to state 28
    and_expr          go to state 29
    shift_expr        go to state 30
    match_expr        go to state 31
    arith_expr        go to state 32
    term              go to state 33
    factor            go to state 34
    power             go to state 35
    postfix_expr      go to state 36
    atom              go to state 37


状態 5

    7 stmt: NAME . args
  101 atom: NAME .

    NAME       shift, and go to state 38
    NUMBER     shift, and go to state 8
    REGEXP     shift, and go to state 9
    STRING     shift, and go to state 11
    tFALSE     shift, and go to state 14
    tTRUE      shift, and go to state 15
    t__LINE__  shift, and go to state 16

    $default  reduce using rule 101 (atom)

    args              go to state 43
    expr              go to state 44
    assign_expr       go to state 22
    logical_or_expr   go to state 23
    logical_and_expr  go to state 24
    not_expr          go to state 25
    comparison        go to state 26
    xor_expr          go to state 27
    or_expr           go to state 28
    and_expr          go to state 29
    shift_expr        go to state 30
    match_expr        go to state 31
    arith_expr        go to state 32
    term              go to state 33
    factor            go to state 34
    power             go to state 35
    postfix_expr      go to state 36
    atom              go to state 37


状態 6

   14 stmt: NEXT .
   15     | NEXT . expr

    NAME       shift, and go to state 38
    NUMBER     shift, and go to state 8
    REGEXP     shift, and go to state 9
    STRING     shift, and go to state 11
    tFALSE     shift, and go to state 14
    tTRUE      shift, and go to state 15
    t__LINE__  shift, and go to state 16

    $default  reduce using rule 14 (stmt)

    expr              go to state 45
    assign_expr       go to state 22
    logical_or_expr   go to state 23
    logical_and_expr  go to state 24
    not_expr          go to state 25
    comparison        go to state 26
    xor_expr          go to state 27
    or_expr           go to state 28
    and_expr          go to state 29
    shift_expr        go to state 30
    match_expr        go to state 31
    arith_expr        go to state 32
    term              go to state 33
    factor            go to state 34
    power             go to state 35
    postfix_expr      go to state 36
    atom              go to state 37


状態 7

   21 stmt: NONLOCAL . names

    NAME  shift, and go to state 46

    names  go to state 47


状態 8

  102 atom: NUMBER .

    $default  reduce using rule 102 (atom)


状態 9

  103 atom: REGEXP .

    $default  reduce using rule 103 (atom)


状態 10

   16 stmt: RETURN .
   17     | RETURN . expr

    NAME       shift, and go to state 38
    NUMBER     shift, and go to state 8
    REGEXP     shift, and go to state 9
    STRING     shift, and go to state 11
    tFALSE     shift, and go to state 14
    tTRUE      shift, and go to state 15
    t__LINE__  shift, and go to state 16

    $default  reduce using rule 16 (stmt)

    expr              go to state 48
    assign_expr       go to state 22
    logical_or_expr   go to state 23
    logical_and_expr  go to state 24
    not_expr          go to state 25
    comparison        go to state 26
    xor_expr          go to state 27
    or_expr           go to state 28
    and_expr          go to state 29
    shift_expr        go to state 30
    match_expr        go to state 31
    arith_expr        go to state 32
    term              go to state 33
    factor            go to state 34
    power             go to state 35
    postfix_expr      go to state 36
    atom              go to state 37


状態 11

  104 atom: STRING .

    $default  reduce using rule 104 (atom)


状態 12

    8 stmt: TRY . stmts excepts ELSE stmts finally_opt END
    9     | TRY . stmts excepts finally_opt END
   10     | TRY . stmts FINALLY stmts END

    BREAK      shift, and go to state 1
    CLASS      shift, and go to state 2
    DEF        shift, and go to state 3
    IF         shift, and go to state 4
    NAME       shift, and go to state 5
    NEXT       shift, and go to state 6
    NONLOCAL   shift, and go to state 7
    NUMBER     shift, and go to state 8
    REGEXP     shift, and go to state 9
    RETURN     shift, and go to state 10
    STRING     shift, and go to state 11
    TRY        shift, and go to state 12
    WHILE      shift, and go to state 13
    tFALSE     shift, and go to state 14
    tTRUE      shift, and go to state 15
    t__LINE__  shift, and go to state 16

    $default  reduce using rule 4 (stmt)

    stmts             go to state 49
    stmt              go to state 19
    func_def          go to state 20
    expr              go to state 21
    assign_expr       go to state 22
    logical_or_expr   go to state 23
    logical_and_expr  go to state 24
    not_expr          go to state 25
    comparison        go to state 26
    xor_expr          go to state 27
    or_expr           go to state 28
    and_expr          go to state 29
    shift_expr        go to state 30
    match_expr        go to state 31
    arith_expr        go to state 32
    term              go to state 33
    factor            go to state 34
    power             go to state 35
    postfix_expr      go to state 36
    atom              go to state 37


状態 13

   11 stmt: WHILE . expr stmts END

    NAME       shift, and go to state 38
    NUMBER     shift, and go to state 8
    REGEXP     shift, and go to state 9
    STRING     shift, and go to state 11
    tFALSE     shift, and go to state 14
    tTRUE      shift, and go to state 15
    t__LINE__  shift, and go to state 16

    expr              go to state 50
    assign_expr       go to state 22
    logical_or_expr   go to state 23
    logical_and_expr  go to state 24
    not_expr          go to state 25
    comparison        go to state 26
    xor_expr          go to state 27
    or_expr           go to state 28
    and_expr          go to state 29
    shift_expr        go to state 30
    match_expr        go to state 31
    arith_expr        go to state 32
    term              go to state 33
    factor            go to state 34
    power             go to state 35
    postfix_expr      go to state 36
    atom              go to state 37


状態 14

  106 atom: tFALSE .

    $default  reduce using rule 106 (atom)


状態 15

  105 atom: tTRUE .

    $default  reduce using rule 105 (atom)


状態 16

  107 atom: t__LINE__ .

    $default  reduce using rule 107 (atom)


状態 17

    0 $accept: module . $end

    $end  shift, and go to state 51


状態 18

    1 module: stmts .
    3 stmts: stmts . newline stmt

    NEWLINE  shift, and go to state 52

    $default  reduce using rule 1 (module)

    newline  go to state 53


状態 19

    2 stmts: stmt .

    $default  reduce using rule 2 (stmts)


状態 20

    5 stmt: func_def .

    $default  reduce using rule 5 (stmt)


状態 21

    6 stmt: expr .

    $default  reduce using rule 6 (stmt)


状態 22

   76 expr: assign_expr .

    $default  reduce using rule 76 (expr)


状態 23

   78 assign_expr: logical_or_expr .

    $default  reduce using rule 78 (assign_expr)


状態 24

   79 logical_or_expr: logical_and_expr .

    $default  reduce using rule 79 (logical_or_expr)


状態 25

   80 logical_and_expr: not_expr .

    $default  reduce using rule 80 (logical_and_expr)


状態 26

   81 not_expr: comparison .

    $default  reduce using rule 81 (not_expr)


状態 27

   82 comparison: xor_expr .
   83           | xor_expr . comp_op xor_expr

    LESS  shift, and go to state 54

    $default  reduce using rule 82 (comparison)

    comp_op  go to state 55


状態 28

   85 xor_expr: or_expr .

    $default  reduce using rule 85 (xor_expr)


状態 29

   86 or_expr: and_expr .

    $default  reduce using rule 86 (or_expr)


状態 30

   87 and_expr: shift_expr .
   89 shift_expr: shift_expr . LSHIFT arith_expr

    LSHIFT  shift, and go to state 56

    $default  reduce using rule 87 (and_expr)


状態 31

   88 shift_expr: match_expr .
   91 match_expr: match_expr . EQUAL_TILDA arith_expr

    EQUAL_TILDA  shift, and go to state 57

    $default  reduce using rule 88 (shift_expr)


状態 32

   90 match_expr: arith_expr .
   93 arith_expr: arith_expr . PLUS term

    PLUS  shift, and go to state 58

    $default  reduce using rule 90 (match_expr)


状態 33

   92 arith_expr: term .

    $default  reduce using rule 92 (arith_expr)


状態 34

   94 term: factor .

    $default  reduce using rule 94 (term)


状態 35

   95 factor: power .

    $default  reduce using rule 95 (factor)


状態 36

   77 assign_expr: postfix_expr . EQUAL logical_or_expr
   96 power: postfix_expr .
   98 postfix_expr: postfix_expr . LPAR args_opt RPAR blockarg_opt
   99             | postfix_expr . LBRACKET expr RBRACKET
  100             | postfix_expr . DOT NAME

    DOT       shift, and go to state 59
    EQUAL     shift, and go to state 60
    LBRACKET  shift, and go to state 61
    LPAR      shift, and go to state 62

    $default  reduce using rule 96 (power)


状態 37

   97 postfix_expr: atom .

    $default  reduce using rule 97 (postfix_expr)


状態 38

  101 atom: NAME .

    $default  reduce using rule 101 (atom)


状態 39

   13 stmt: BREAK expr .

    $default  reduce using rule 13 (stmt)


状態 40

   20 stmt: CLASS @1 . NAME super_opt stmts END

    NAME  shift, and go to state 63


状態 41

   30 func_def: DEF NAME . LPAR params RPAR stmts END

    LPAR  shift, and go to state 64


状態 42

   18 stmt: IF expr . stmts if_tail END

    BREAK      shift, and go to state 1
    CLASS      shift, and go to state 2
    DEF        shift, and go to state 3
    IF         shift, and go to state 4
    NAME       shift, and go to state 5
    NEXT       shift, and go to state 6
    NONLOCAL   shift, and go to state 7
    NUMBER     shift, and go to state 8
    REGEXP     shift, and go to state 9
    RETURN     shift, and go to state 10
    STRING     shift, and go to state 11
    TRY        shift, and go to state 12
    WHILE      shift, and go to state 13
    tFALSE     shift, and go to state 14
    tTRUE      shift, and go to state 15
    t__LINE__  shift, and go to state 16

    $default  reduce using rule 4 (stmt)

    stmts             go to state 65
    stmt              go to state 19
    func_def          go to state 20
    expr              go to state 21
    assign_expr       go to state 22
    logical_or_expr   go to state 23
    logical_and_expr  go to state 24
    not_expr          go to state 25
    comparison        go to state 26
    xor_expr          go to state 27
    or_expr           go to state 28
    and_expr          go to state 29
    shift_expr        go to state 30
    match_expr        go to state 31
    arith_expr        go to state 32
    term              go to state 33
    factor            go to state 34
    power             go to state 35
    postfix_expr      go to state 36
    atom              go to state 37


状態 43

    7 stmt: NAME args .
   75 args: args . COMMA expr

    COMMA  shift, and go to state 66

    $default  reduce using rule 7 (stmt)


状態 44

   74 args: expr .

    $default  reduce using rule 74 (args)


状態 45

   15 stmt: NEXT expr .

    $default  reduce using rule 15 (stmt)


状態 46

   22 names: NAME .

    $default  reduce using rule 22 (names)


状態 47

   21 stmt: NONLOCAL names .
   23 names: names . COMMA NAME

    COMMA  shift, and go to state 67

    $default  reduce using rule 21 (stmt)


状態 48

   17 stmt: RETURN expr .

    $default  reduce using rule 17 (stmt)


状態 49

    3 stmts: stmts . newline stmt
    8 stmt: TRY stmts . excepts ELSE stmts finally_opt END
    9     | TRY stmts . excepts finally_opt END
   10     | TRY stmts . FINALLY stmts END

    EXCEPT   shift, and go to state 68
    FINALLY  shift, and go to state 69
    NEWLINE  shift, and go to state 52

    excepts  go to state 70
    except   go to state 71
    newline  go to state 53


状態 50

   11 stmt: WHILE expr . stmts END

    BREAK      shift, and go to state 1
    CLASS      shift, and go to state 2
    DEF        shift, and go to state 3
    IF         shift, and go to state 4
    NAME       shift, and go to state 5
    NEXT       shift, and go to state 6
    NONLOCAL   shift, and go to state 7
    NUMBER     shift, and go to state 8
    REGEXP     shift, and go to state 9
    RETURN     shift, and go to state 10
    STRING     shift, and go to state 11
    TRY        shift, and go to state 12
    WHILE      shift, and go to state 13
    tFALSE     shift, and go to state 14
    tTRUE      shift, and go to state 15
    t__LINE__  shift, and go to state 16

    $default  reduce using rule 4 (stmt)

    stmts             go to state 72
    stmt              go to state 19
    func_def          go to state 20
    expr              go to state 21
    assign_expr       go to state 22
    logical_or_expr   go to state 23
    logical_and_expr  go to state 24
    not_expr          go to state 25
    comparison        go to state 26
    xor_expr          go to state 27
    or_expr           go to state 28
    and_expr          go to state 29
    shift_expr        go to state 30
    match_expr        go to state 31
    arith_expr        go to state 32
    term              go to state 33
    factor            go to state 34
    power             go to state 35
    postfix_expr      go to state 36
    atom              go to state 37


状態 51

    0 $accept: module $end .

    $default  accept


状態 52

  117 newline: NEWLINE .

    $default  reduce using rule 117 (newline)


状態 53

    3 stmts: stmts newline . stmt

    BREAK      shift, and go to state 1
    CLASS      shift, and go to state 2
    DEF        shift, and go to state 3
    IF         shift, and go to state 4
    NAME       shift, and go to state 5
    NEXT       shift, and go to state 6
    NONLOCAL   shift, and go to state 7
    NUMBER     shift, and go to state 8
    REGEXP     shift, and go to state 9
    RETURN     shift, and go to state 10
    STRING     shift, and go to state 11
    TRY        shift, and go to state 12
    WHILE      shift, and go to state 13
    tFALSE     shift, and go to state 14
    tTRUE      shift, and go to state 15
    t__LINE__  shift, and go to state 16

    $default  reduce using rule 4 (stmt)

    stmt              go to state 73
    func_def          go to state 20
    expr              go to state 21
    assign_expr       go to state 22
    logical_or_expr   go to state 23
    logical_and_expr  go to state 24
    not_expr          go to state 25
    comparison        go to state 26
    xor_expr          go to state 27
    or_expr           go to state 28
    and_expr          go to state 29
    shift_expr        go to state 30
    match_expr        go to state 31
    arith_expr        go to state 32
    term              go to state 33
    factor            go to state 34
    power             go to state 35
    postfix_expr      go to state 36
    atom              go to state 37


状態 54

   84 comp_op: LESS .

    $default  reduce using rule 84 (comp_op)


状態 55

   83 comparison: xor_expr comp_op . xor_expr

    NAME       shift, and go to state 38
    NUMBER     shift, and go to state 8
    REGEXP     shift, and go to state 9
    STRING     shift, and go to state 11
    tFALSE     shift, and go to state 14
    tTRUE      shift, and go to state 15
    t__LINE__  shift, and go to state 16

    xor_expr      go to state 74
    or_expr       go to state 28
    and_expr      go to state 29
    shift_expr    go to state 30
    match_expr    go to state 31
    arith_expr    go to state 32
    term          go to state 33
    factor        go to state 34
    power         go to state 35
    postfix_expr  go to state 75
    atom          go to state 37


状態 56

   89 shift_expr: shift_expr LSHIFT . arith_expr

    NAME       shift, and go to state 38
    NUMBER     shift, and go to state 8
    REGEXP     shift, and go to state 9
    STRING     shift, and go to state 11
    tFALSE     shift, and go to state 14
    tTRUE      shift, and go to state 15
    t__LINE__  shift, and go to state 16

    arith_expr    go to state 76
    term          go to state 33
    factor        go to state 34
    power         go to state 35
    postfix_expr  go to state 75
    atom          go to state 37


状態 57

   91 match_expr: match_expr EQUAL_TILDA . arith_expr

    NAME       shift, and go to state 38
    NUMBER     shift, and go to state 8
    REGEXP     shift, and go to state 9
    STRING     shift, and go to state 11
    tFALSE     shift, and go to state 14
    tTRUE      shift, and go to state 15
    t__LINE__  shift, and go to state 16

    arith_expr    go to state 77
    term          go to state 33
    factor        go to state 34
    power         go to state 35
    postfix_expr  go to state 75
    atom          go to state 37


状態 58

   93 arith_expr: arith_expr PLUS . term

    NAME       shift, and go to state 38
    NUMBER     shift, and go to state 8
    REGEXP     shift, and go to state 9
    STRING     shift, and go to state 11
    tFALSE     shift, and go to state 14
    tTRUE      shift, and go to state 15
    t__LINE__  shift, and go to state 16

    term          go to state 78
    factor        go to state 34
    power         go to state 35
    postfix_expr  go to state 75
    atom          go to state 37


状態 59

  100 postfix_expr: postfix_expr DOT . NAME

    NAME  shift, and go to state 79


状態 60

   77 assign_expr: postfix_expr EQUAL . logical_or_expr

    NAME       shift, and go to state 38
    NUMBER     shift, and go to state 8
    REGEXP     shift, and go to state 9
    STRING     shift, and go to state 11
    tFALSE     shift, and go to state 14
    tTRUE      shift, and go to state 15
    t__LINE__  shift, and go to state 16

    logical_or_expr   go to state 80
    logical_and_expr  go to state 24
    not_expr          go to state 25
    comparison        go to state 26
    xor_expr          go to state 27
    or_expr           go to state 28
    and_expr          go to state 29
    shift_expr        go to state 30
    match_expr        go to state 31
    arith_expr        go to state 32
    term              go to state 33
    factor            go to state 34
    power             go to state 35
    postfix_expr      go to state 75
    atom              go to state 37


状態 61

   99 postfix_expr: postfix_expr LBRACKET . expr RBRACKET

    NAME       shift, and go to state 38
    NUMBER     shift, and go to state 8
    REGEXP     shift, and go to state 9
    STRING     shift, and go to state 11
    tFALSE     shift, and go to state 14
    tTRUE      shift, and go to state 15
    t__LINE__  shift, and go to state 16

    expr              go to state 81
    assign_expr       go to state 22
    logical_or_expr   go to state 23
    logical_and_expr  go to state 24
    not_expr          go to state 25
    comparison        go to state 26
    xor_expr          go to state 27
    or_expr           go to state 28
    and_expr          go to state 29
    shift_expr        go to state 30
    match_expr        go to state 31
    arith_expr        go to state 32
    term              go to state 33
    factor            go to state 34
    power             go to state 35
    postfix_expr      go to state 36
    atom              go to state 37


状態 62

   98 postfix_expr: postfix_expr LPAR . args_opt RPAR blockarg_opt

    NAME       shift, and go to state 38
    NUMBER     shift, and go to state 8
    REGEXP     shift, and go to state 9
    STRING     shift, and go to state 11
    tFALSE     shift, and go to state 14
    tTRUE      shift, and go to state 15
    t__LINE__  shift, and go to state 16

    $default  reduce using rule 108 (args_opt)

    args              go to state 82
    expr              go to state 44
    assign_expr       go to state 22
    logical_or_expr   go to state 23
    logical_and_expr  go to state 24
    not_expr          go to state 25
    comparison        go to state 26
    xor_expr          go to state 27
    or_expr           go to state 28
    and_expr          go to state 29
    shift_expr        go to state 30
    match_expr        go to state 31
    arith_expr        go to state 32
    term              go to state 33
    factor            go to state 34
    power             go to state 35
    postfix_expr      go to state 36
    atom              go to state 37
    args_opt          go to state 83


状態 63

   20 stmt: CLASS @1 NAME . super_opt stmts END

    GREATER  shift, and go to state 84

    $default  reduce using rule 24 (super_opt)

    super_opt  go to state 85


状態 64

   30 func_def: DEF NAME LPAR . params RPAR stmts END

    AMPER        shift, and go to state 86
    DOUBLE_STAR  shift, and go to state 87
    NAME         shift, and go to state 88
    STAR         shift, and go to state 89

    $default  reduce using rule 62 (params)

    params                  go to state 90
    kw_param                go to state 91
    var_param               go to state 92
    block_param             go to state 93
    params_without_default  go to state 94
    params_with_default     go to state 95
    param_with_default      go to state 96


状態 65

    3 stmts: stmts . newline stmt
   18 stmt: IF expr stmts . if_tail END

    ELIF     shift, and go to state 97
    ELSE     shift, and go to state 98
    NEWLINE  shift, and go to state 52

    $default  reduce using rule 28 (else_opt)

    if_tail   go to state 99
    else_opt  go to state 100
    newline   go to state 53


状態 66

   75 args: args COMMA . expr

    NAME       shift, and go to state 38
    NUMBER     shift, and go to state 8
    REGEXP     shift, and go to state 9
    STRING     shift, and go to state 11
    tFALSE     shift, and go to state 14
    tTRUE      shift, and go to state 15
    t__LINE__  shift, and go to state 16

    expr              go to state 101
    assign_expr       go to state 22
    logical_or_expr   go to state 23
    logical_and_expr  go to state 24
    not_expr          go to state 25
    comparison        go to state 26
    xor_expr          go to state 27
    or_expr           go to state 28
    and_expr          go to state 29
    shift_expr        go to state 30
    match_expr        go to state 31
    arith_expr        go to state 32
    term              go to state 33
    factor            go to state 34
    power             go to state 35
    postfix_expr      go to state 36
    atom              go to state 37


状態 67

   23 names: names COMMA . NAME

    NAME  shift, and go to state 102


状態 68

  114 except: EXCEPT . expr AS NAME newline stmts
  115       | EXCEPT . expr newline stmts
  116       | EXCEPT . newline stmts

    NAME       shift, and go to state 38
    NEWLINE    shift, and go to state 52
    NUMBER     shift, and go to state 8
    REGEXP     shift, and go to state 9
    STRING     shift, and go to state 11
    tFALSE     shift, and go to state 14
    tTRUE      shift, and go to state 15
    t__LINE__  shift, and go to state 16

    expr              go to state 103
    assign_expr       go to state 22
    logical_or_expr   go to state 23
    logical_and_expr  go to state 24
    not_expr          go to state 25
    comparison        go to state 26
    xor_expr          go to state 27
    or_expr           go to state 28
    and_expr          go to state 29
    shift_expr        go to state 30
    match_expr        go to state 31
    arith_expr        go to state 32
    term              go to state 33
    factor            go to state 34
    power             go to state 35
    postfix_expr      go to state 36
    atom              go to state 37
    newline           go to state 104


状態 69

   10 stmt: TRY stmts FINALLY . stmts END

    BREAK      shift, and go to state 1
    CLASS      shift, and go to state 2
    DEF        shift, and go to state 3
    IF         shift, and go to state 4
    NAME       shift, and go to state 5
    NEXT       shift, and go to state 6
    NONLOCAL   shift, and go to state 7
    NUMBER     shift, and go to state 8
    REGEXP     shift, and go to state 9
    RETURN     shift, and go to state 10
    STRING     shift, and go to state 11
    TRY        shift, and go to state 12
    WHILE      shift, and go to state 13
    tFALSE     shift, and go to state 14
    tTRUE      shift, and go to state 15
    t__LINE__  shift, and go to state 16

    $default  reduce using rule 4 (stmt)

    stmts             go to state 105
    stmt              go to state 19
    func_def          go to state 20
    expr              go to state 21
    assign_expr       go to state 22
    logical_or_expr   go to state 23
    logical_and_expr  go to state 24
    not_expr          go to state 25
    comparison        go to state 26
    xor_expr          go to state 27
    or_expr           go to state 28
    and_expr          go to state 29
    shift_expr        go to state 30
    match_expr        go to state 31
    arith_expr        go to state 32
    term              go to state 33
    factor            go to state 34
    power             go to state 35
    postfix_expr      go to state 36
    atom              go to state 37


状態 70

    8 stmt: TRY stmts excepts . ELSE stmts finally_opt END
    9     | TRY stmts excepts . finally_opt END
  113 excepts: excepts . except

    ELSE     shift, and go to state 106
    EXCEPT   shift, and go to state 68
    FINALLY  shift, and go to state 107

    $default  reduce using rule 118 (finally_opt)

    except       go to state 108
    finally_opt  go to state 109


状態 71

  112 excepts: except .

    $default  reduce using rule 112 (excepts)


状態 72

    3 stmts: stmts . newline stmt
   11 stmt: WHILE expr stmts . END

    END      shift, and go to state 110
    NEWLINE  shift, and go to state 52

    newline  go to state 53


状態 73

    3 stmts: stmts newline stmt .

    $default  reduce using rule 3 (stmts)


状態 74

   83 comparison: xor_expr comp_op xor_expr .

    $default  reduce using rule 83 (comparison)


状態 75

   96 power: postfix_expr .
   98 postfix_expr: postfix_expr . LPAR args_opt RPAR blockarg_opt
   99             | postfix_expr . LBRACKET expr RBRACKET
  100             | postfix_expr . DOT NAME

    DOT       shift, and go to state 59
    LBRACKET  shift, and go to state 61
    LPAR      shift, and go to state 62

    $default  reduce using rule 96 (power)


状態 76

   89 shift_expr: shift_expr LSHIFT arith_expr .
   93 arith_expr: arith_expr . PLUS term

    PLUS  shift, and go to state 58

    $default  reduce using rule 89 (shift_expr)


状態 77

   91 match_expr: match_expr EQUAL_TILDA arith_expr .
   93 arith_expr: arith_expr . PLUS term

    PLUS  shift, and go to state 58

    $default  reduce using rule 91 (match_expr)


状態 78

   93 arith_expr: arith_expr PLUS term .

    $default  reduce using rule 93 (arith_expr)


状態 79

  100 postfix_expr: postfix_expr DOT NAME .

    $default  reduce using rule 100 (postfix_expr)


状態 80

   77 assign_expr: postfix_expr EQUAL logical_or_expr .

    $default  reduce using rule 77 (assign_expr)


状態 81

   99 postfix_expr: postfix_expr LBRACKET expr . RBRACKET

    RBRACKET  shift, and go to state 111


状態 82

   75 args: args . COMMA expr
  109 args_opt: args .

    COMMA  shift, and go to state 66

    $default  reduce using rule 109 (args_opt)


状態 83

   98 postfix_expr: postfix_expr LPAR args_opt . RPAR blockarg_opt

    RPAR  shift, and go to state 112


状態 84

   25 super_opt: GREATER . expr

    NAME       shift, and go to state 38
    NUMBER     shift, and go to state 8
    REGEXP     shift, and go to state 9
    STRING     shift, and go to state 11
    tFALSE     shift, and go to state 14
    tTRUE      shift, and go to state 15
    t__LINE__  shift, and go to state 16

    expr              go to state 113
    assign_expr       go to state 22
    logical_or_expr   go to state 23
    logical_and_expr  go to state 24
    not_expr          go to state 25
    comparison        go to state 26
    xor_expr          go to state 27
    or_expr           go to state 28
    and_expr          go to state 29
    shift_expr        go to state 30
    match_expr        go to state 31
    arith_expr        go to state 32
    term              go to state 33
    factor            go to state 34
    power             go to state 35
    postfix_expr      go to state 36
    atom              go to state 37


状態 85

   20 stmt: CLASS @1 NAME super_opt . stmts END

    BREAK      shift, and go to state 1
    CLASS      shift, and go to state 2
    DEF        shift, and go to state 3
    IF         shift, and go to state 4
    NAME       shift, and go to state 5
    NEXT       shift, and go to state 6
    NONLOCAL   shift, and go to state 7
    NUMBER     shift, and go to state 8
    REGEXP     shift, and go to state 9
    RETURN     shift, and go to state 10
    STRING     shift, and go to state 11
    TRY        shift, and go to state 12
    WHILE      shift, and go to state 13
    tFALSE     shift, and go to state 14
    tTRUE      shift, and go to state 15
    t__LINE__  shift, and go to state 16

    $default  reduce using rule 4 (stmt)

    stmts             go to state 114
    stmt              go to state 19
    func_def          go to state 20
    expr              go to state 21
    assign_expr       go to state 22
    logical_or_expr   go to state 23
    logical_and_expr  go to state 24
    not_expr          go to state 25
    comparison        go to state 26
    xor_expr          go to state 27
    or_expr           go to state 28
    and_expr          go to state 29
    shift_expr        go to state 30
    match_expr        go to state 31
    arith_expr        go to state 32
    term              go to state 33
    factor            go to state 34
    power             go to state 35
    postfix_expr      go to state 36
    atom              go to state 37


状態 86

   65 block_param: AMPER . NAME param_default_opt

    NAME  shift, and go to state 115


状態 87

   63 kw_param: DOUBLE_STAR . NAME

    NAME  shift, and go to state 116


状態 88

   69 params_without_default: NAME .
   73 param_with_default: NAME . param_default

    EQUAL  shift, and go to state 117

    $default  reduce using rule 69 (params_without_default)

    param_default  go to state 118


状態 89

   64 var_param: STAR . NAME

    NAME  shift, and go to state 119


状態 90

   30 func_def: DEF NAME LPAR params . RPAR stmts END

    RPAR  shift, and go to state 120


状態 91

   61 params: kw_param .

    $default  reduce using rule 61 (params)


状態 92

   59 params: var_param . COMMA kw_param
   60       | var_param .

    COMMA  shift, and go to state 121

    $default  reduce using rule 60 (params)


状態 93

   55 params: block_param . COMMA var_param COMMA kw_param
   56       | block_param . COMMA var_param
   57       | block_param . COMMA kw_param
   58       | block_param .

    COMMA  shift, and go to state 122

    $default  reduce using rule 58 (params)


状態 94

   31 params: params_without_default . COMMA params_with_default COMMA block_param COMMA var_param COMMA kw_param
   32       | params_without_default . COMMA params_with_default COMMA block_param COMMA var_param
   33       | params_without_default . COMMA params_with_default COMMA block_param COMMA kw_param
   34       | params_without_default . COMMA params_with_default COMMA block_param
   35       | params_without_default . COMMA params_with_default COMMA var_param COMMA kw_param
   36       | params_without_default . COMMA params_with_default COMMA var_param
   37       | params_without_default . COMMA params_with_default COMMA kw_param
   38       | params_without_default . COMMA params_with_default
   39       | params_without_default . COMMA block_param COMMA var_param COMMA kw_param
   40       | params_without_default . COMMA block_param COMMA var_param
   41       | params_without_default . COMMA block_param COMMA kw_param
   42       | params_without_default . COMMA block_param
   43       | params_without_default . COMMA var_param COMMA kw_param
   44       | params_without_default . COMMA var_param
   45       | params_without_default . COMMA kw_param
   46       | params_without_default .
   70 params_without_default: params_without_default . COMMA NAME

    COMMA  shift, and go to state 123

    $default  reduce using rule 46 (params)


状態 95

   47 params: params_with_default . COMMA block_param COMMA var_param COMMA kw_param
   48       | params_with_default . COMMA block_param COMMA var_param
   49       | params_with_default . COMMA block_param COMMA kw_param
   50       | params_with_default . COMMA block_param
   51       | params_with_default . COMMA var_param COMMA kw_param
   52       | params_with_default . COMMA var_param
   53       | params_with_default . COMMA kw_param
   54       | params_with_default .
   72 params_with_default: params_with_default . COMMA param_with_default

    COMMA  shift, and go to state 124

    $default  reduce using rule 54 (params)


状態 96

   71 params_with_default: param_with_default .

    $default  reduce using rule 71 (params_with_default)


状態 97

   27 if_tail: ELIF . expr stmts if_tail

    NAME       shift, and go to state 38
    NUMBER     shift, and go to state 8
    REGEXP     shift, and go to state 9
    STRING     shift, and go to state 11
    tFALSE     shift, and go to state 14
    tTRUE      shift, and go to state 15
    t__LINE__  shift, and go to state 16

    expr              go to state 125
    assign_expr       go to state 22
    logical_or_expr   go to state 23
    logical_and_expr  go to state 24
    not_expr          go to state 25
    comparison        go to state 26
    xor_expr          go to state 27
    or_expr           go to state 28
    and_expr          go to state 29
    shift_expr        go to state 30
    match_expr        go to state 31
    arith_expr        go to state 32
    term              go to state 33
    factor            go to state 34
    power             go to state 35
    postfix_expr      go to state 36
    atom              go to state 37


状態 98

   29 else_opt: ELSE . stmts

    BREAK      shift, and go to state 1
    CLASS      shift, and go to state 2
    DEF        shift, and go to state 3
    IF         shift, and go to state 4
    NAME       shift, and go to state 5
    NEXT       shift, and go to state 6
    NONLOCAL   shift, and go to state 7
    NUMBER     shift, and go to state 8
    REGEXP     shift, and go to state 9
    RETURN     shift, and go to state 10
    STRING     shift, and go to state 11
    TRY        shift, and go to state 12
    WHILE      shift, and go to state 13
    tFALSE     shift, and go to state 14
    tTRUE      shift, and go to state 15
    t__LINE__  shift, and go to state 16

    $default  reduce using rule 4 (stmt)

    stmts             go to state 126
    stmt              go to state 19
    func_def          go to state 20
    expr              go to state 21
    assign_expr       go to state 22
    logical_or_expr   go to state 23
    logical_and_expr  go to state 24
    not_expr          go to state 25
    comparison        go to state 26
    xor_expr          go to state 27
    or_expr           go to state 28
    and_expr          go to state 29
    shift_expr        go to state 30
    match_expr        go to state 31
    arith_expr        go to state 32
    term              go to state 33
    factor            go to state 34
    power             go to state 35
    postfix_expr      go to state 36
    atom              go to state 37


状態 99

   18 stmt: IF expr stmts if_tail . END

    END  shift, and go to state 127


状態 100

   26 if_tail: else_opt .

    $default  reduce using rule 26 (if_tail)


状態 101

   75 args: args COMMA expr .

    $default  reduce using rule 75 (args)


状態 102

   23 names: names COMMA NAME .

    $default  reduce using rule 23 (names)


状態 103

  114 except: EXCEPT expr . AS NAME newline stmts
  115       | EXCEPT expr . newline stmts

    AS       shift, and go to state 128
    NEWLINE  shift, and go to state 52

    newline  go to state 129


状態 104

  116 except: EXCEPT newline . stmts

    BREAK      shift, and go to state 1
    CLASS      shift, and go to state 2
    DEF        shift, and go to state 3
    IF         shift, and go to state 4
    NAME       shift, and go to state 5
    NEXT       shift, and go to state 6
    NONLOCAL   shift, and go to state 7
    NUMBER     shift, and go to state 8
    REGEXP     shift, and go to state 9
    RETURN     shift, and go to state 10
    STRING     shift, and go to state 11
    TRY        shift, and go to state 12
    WHILE      shift, and go to state 13
    tFALSE     shift, and go to state 14
    tTRUE      shift, and go to state 15
    t__LINE__  shift, and go to state 16

    $default  reduce using rule 4 (stmt)

    stmts             go to state 130
    stmt              go to state 19
    func_def          go to state 20
    expr              go to state 21
    assign_expr       go to state 22
    logical_or_expr   go to state 23
    logical_and_expr  go to state 24
    not_expr          go to state 25
    comparison        go to state 26
    xor_expr          go to state 27
    or_expr           go to state 28
    and_expr          go to state 29
    shift_expr        go to state 30
    match_expr        go to state 31
    arith_expr        go to state 32
    term              go to state 33
    factor            go to state 34
    power             go to state 35
    postfix_expr      go to state 36
    atom              go to state 37


状態 105

    3 stmts: stmts . newline stmt
   10 stmt: TRY stmts FINALLY stmts . END

    END      shift, and go to state 131
    NEWLINE  shift, and go to state 52

    newline  go to state 53


状態 106

    8 stmt: TRY stmts excepts ELSE . stmts finally_opt END

    BREAK      shift, and go to state 1
    CLASS      shift, and go to state 2
    DEF        shift, and go to state 3
    IF         shift, and go to state 4
    NAME       shift, and go to state 5
    NEXT       shift, and go to state 6
    NONLOCAL   shift, and go to state 7
    NUMBER     shift, and go to state 8
    REGEXP     shift, and go to state 9
    RETURN     shift, and go to state 10
    STRING     shift, and go to state 11
    TRY        shift, and go to state 12
    WHILE      shift, and go to state 13
    tFALSE     shift, and go to state 14
    tTRUE      shift, and go to state 15
    t__LINE__  shift, and go to state 16

    $default  reduce using rule 4 (stmt)

    stmts             go to state 132
    stmt              go to state 19
    func_def          go to state 20
    expr              go to state 21
    assign_expr       go to state 22
    logical_or_expr   go to state 23
    logical_and_expr  go to state 24
    not_expr          go to state 25
    comparison        go to state 26
    xor_expr          go to state 27
    or_expr           go to state 28
    and_expr          go to state 29
    shift_expr        go to state 30
    match_expr        go to state 31
    arith_expr        go to state 32
    term              go to state 33
    factor            go to state 34
    power             go to state 35
    postfix_expr      go to state 36
    atom              go to state 37


状態 107

  119 finally_opt: FINALLY . stmts

    BREAK      shift, and go to state 1
    CLASS      shift, and go to state 2
    DEF        shift, and go to state 3
    IF         shift, and go to state 4
    NAME       shift, and go to state 5
    NEXT       shift, and go to state 6
    NONLOCAL   shift, and go to state 7
    NUMBER     shift, and go to state 8
    REGEXP     shift, and go to state 9
    RETURN     shift, and go to state 10
    STRING     shift, and go to state 11
    TRY        shift, and go to state 12
    WHILE      shift, and go to state 13
    tFALSE     shift, and go to state 14
    tTRUE      shift, and go to state 15
    t__LINE__  shift, and go to state 16

    $default  reduce using rule 4 (stmt)

    stmts             go to state 133
    stmt              go to state 19
    func_def          go to state 20
    expr              go to state 21
    assign_expr       go to state 22
    logical_or_expr   go to state 23
    logical_and_expr  go to state 24
    not_expr          go to state 25
    comparison        go to state 26
    xor_expr          go to state 27
    or_expr           go to state 28
    and_expr          go to state 29
    shift_expr        go to state 30
    match_expr        go to state 31
    arith_expr        go to state 32
    term              go to state 33
    factor            go to state 34
    power             go to state 35
    postfix_expr      go to state 36
    atom              go to state 37


状態 108

  113 excepts: excepts except .

    $default  reduce using rule 113 (excepts)


状態 109

    9 stmt: TRY stmts excepts finally_opt . END

    END  shift, and go to state 134


状態 110

   11 stmt: WHILE expr stmts END .

    $default  reduce using rule 11 (stmt)


状態 111

   99 postfix_expr: postfix_expr LBRACKET expr RBRACKET .

    $default  reduce using rule 99 (postfix_expr)


状態 112

   98 postfix_expr: postfix_expr LPAR args_opt RPAR . blockarg_opt

    DO  shift, and go to state 135

    $default  reduce using rule 110 (blockarg_opt)

    blockarg_opt  go to state 136


状態 113

   25 super_opt: GREATER expr .

    $default  reduce using rule 25 (super_opt)


状態 114

    3 stmts: stmts . newline stmt
   20 stmt: CLASS @1 NAME super_opt stmts . END

    END      shift, and go to state 137
    NEWLINE  shift, and go to state 52

    newline  go to state 53


状態 115

   65 block_param: AMPER NAME . param_default_opt

    EQUAL  shift, and go to state 117

    $default  reduce using rule 66 (param_default_opt)

    param_default_opt  go to state 138
    param_default      go to state 139


状態 116

   63 kw_param: DOUBLE_STAR NAME .

    $default  reduce using rule 63 (kw_param)


状態 117

   68 param_default: EQUAL . expr

    NAME       shift, and go to state 38
    NUMBER     shift, and go to state 8
    REGEXP     shift, and go to state 9
    STRING     shift, and go to state 11
    tFALSE     shift, and go to state 14
    tTRUE      shift, and go to state 15
    t__LINE__  shift, and go to state 16

    expr              go to state 140
    assign_expr       go to state 22
    logical_or_expr   go to state 23
    logical_and_expr  go to state 24
    not_expr          go to state 25
    comparison        go to state 26
    xor_expr          go to state 27
    or_expr           go to state 28
    and_expr          go to state 29
    shift_expr        go to state 30
    match_expr        go to state 31
    arith_expr        go to state 32
    term              go to state 33
    factor            go to state 34
    power             go to state 35
    postfix_expr      go to state 36
    atom              go to state 37


状態 118

   73 param_with_default: NAME param_default .

    $default  reduce using rule 73 (param_with_default)


状態 119

   64 var_param: STAR NAME .

    $default  reduce using rule 64 (var_param)


状態 120

   30 func_def: DEF NAME LPAR params RPAR . stmts END

    BREAK      shift, and go to state 1
    CLASS      shift, and go to state 2
    DEF        shift, and go to state 3
    IF         shift, and go to state 4
    NAME       shift, and go to state 5
    NEXT       shift, and go to state 6
    NONLOCAL   shift, and go to state 7
    NUMBER     shift, and go to state 8
    REGEXP     shift, and go to state 9
    RETURN     shift, and go to state 10
    STRING     shift, and go to state 11
    TRY        shift, and go to state 12
    WHILE      shift, and go to state 13
    tFALSE     shift, and go to state 14
    tTRUE      shift, and go to state 15
    t__LINE__  shift, and go to state 16

    $default  reduce using rule 4 (stmt)

    stmts             go to state 141
    stmt              go to state 19
    func_def          go to state 20
    expr              go to state 21
    assign_expr       go to state 22
    logical_or_expr   go to state 23
    logical_and_expr  go to state 24
    not_expr          go to state 25
    comparison        go to state 26
    xor_expr          go to state 27
    or_expr           go to state 28
    and_expr          go to state 29
    shift_expr        go to state 30
    match_expr        go to state 31
    arith_expr        go to state 32
    term              go to state 33
    factor            go to state 34
    power             go to state 35
    postfix_expr      go to state 36
    atom              go to state 37


状態 121

   59 params: var_param COMMA . kw_param

    DOUBLE_STAR  shift, and go to state 87

    kw_param  go to state 142


状態 122

   55 params: block_param COMMA . var_param COMMA kw_param
   56       | block_param COMMA . var_param
   57       | block_param COMMA . kw_param

    DOUBLE_STAR  shift, and go to state 87
    STAR         shift, and go to state 89

    kw_param   go to state 143
    var_param  go to state 144


状態 123

   31 params: params_without_default COMMA . params_with_default COMMA block_param COMMA var_param COMMA kw_param
   32       | params_without_default COMMA . params_with_default COMMA block_param COMMA var_param
   33       | params_without_default COMMA . params_with_default COMMA block_param COMMA kw_param
   34       | params_without_default COMMA . params_with_default COMMA block_param
   35       | params_without_default COMMA . params_with_default COMMA var_param COMMA kw_param
   36       | params_without_default COMMA . params_with_default COMMA var_param
   37       | params_without_default COMMA . params_with_default COMMA kw_param
   38       | params_without_default COMMA . params_with_default
   39       | params_without_default COMMA . block_param COMMA var_param COMMA kw_param
   40       | params_without_default COMMA . block_param COMMA var_param
   41       | params_without_default COMMA . block_param COMMA kw_param
   42       | params_without_default COMMA . block_param
   43       | params_without_default COMMA . var_param COMMA kw_param
   44       | params_without_default COMMA . var_param
   45       | params_without_default COMMA . kw_param
   70 params_without_default: params_without_default COMMA . NAME

    AMPER        shift, and go to state 86
    DOUBLE_STAR  shift, and go to state 87
    NAME         shift, and go to state 145
    STAR         shift, and go to state 89

    kw_param             go to state 146
    var_param            go to state 147
    block_param          go to state 148
    params_with_default  go to state 149
    param_with_default   go to state 96


状態 124

   47 params: params_with_default COMMA . block_param COMMA var_param COMMA kw_param
   48       | params_with_default COMMA . block_param COMMA var_param
   49       | params_with_default COMMA . block_param COMMA kw_param
   50       | params_with_default COMMA . block_param
   51       | params_with_default COMMA . var_param COMMA kw_param
   52       | params_with_default COMMA . var_param
   53       | params_with_default COMMA . kw_param
   72 params_with_default: params_with_default COMMA . param_with_default

    AMPER        shift, and go to state 86
    DOUBLE_STAR  shift, and go to state 87
    NAME         shift, and go to state 150
    STAR         shift, and go to state 89

    kw_param            go to state 151
    var_param           go to state 152
    block_param         go to state 153
    param_with_default  go to state 154


状態 125

   27 if_tail: ELIF expr . stmts if_tail

    BREAK      shift, and go to state 1
    CLASS      shift, and go to state 2
    DEF        shift, and go to state 3
    IF         shift, and go to state 4
    NAME       shift, and go to state 5
    NEXT       shift, and go to state 6
    NONLOCAL   shift, and go to state 7
    NUMBER     shift, and go to state 8
    REGEXP     shift, and go to state 9
    RETURN     shift, and go to state 10
    STRING     shift, and go to state 11
    TRY        shift, and go to state 12
    WHILE      shift, and go to state 13
    tFALSE     shift, and go to state 14
    tTRUE      shift, and go to state 15
    t__LINE__  shift, and go to state 16

    $default  reduce using rule 4 (stmt)

    stmts             go to state 155
    stmt              go to state 19
    func_def          go to state 20
    expr              go to state 21
    assign_expr       go to state 22
    logical_or_expr   go to state 23
    logical_and_expr  go to state 24
    not_expr          go to state 25
    comparison        go to state 26
    xor_expr          go to state 27
    or_expr           go to state 28
    and_expr          go to state 29
    shift_expr        go to state 30
    match_expr        go to state 31
    arith_expr        go to state 32
    term              go to state 33
    factor            go to state 34
    power             go to state 35
    postfix_expr      go to state 36
    atom              go to state 37


状態 126

    3 stmts: stmts . newline stmt
   29 else_opt: ELSE stmts .

    NEWLINE  shift, and go to state 52

    $default  reduce using rule 29 (else_opt)

    newline  go to state 53


状態 127

   18 stmt: IF expr stmts if_tail END .

    $default  reduce using rule 18 (stmt)


状態 128

  114 except: EXCEPT expr AS . NAME newline stmts

    NAME  shift, and go to state 156


状態 129

  115 except: EXCEPT expr newline . stmts

    BREAK      shift, and go to state 1
    CLASS      shift, and go to state 2
    DEF        shift, and go to state 3
    IF         shift, and go to state 4
    NAME       shift, and go to state 5
    NEXT       shift, and go to state 6
    NONLOCAL   shift, and go to state 7
    NUMBER     shift, and go to state 8
    REGEXP     shift, and go to state 9
    RETURN     shift, and go to state 10
    STRING     shift, and go to state 11
    TRY        shift, and go to state 12
    WHILE      shift, and go to state 13
    tFALSE     shift, and go to state 14
    tTRUE      shift, and go to state 15
    t__LINE__  shift, and go to state 16

    $default  reduce using rule 4 (stmt)

    stmts             go to state 157
    stmt              go to state 19
    func_def          go to state 20
    expr              go to state 21
    assign_expr       go to state 22
    logical_or_expr   go to state 23
    logical_and_expr  go to state 24
    not_expr          go to state 25
    comparison        go to state 26
    xor_expr          go to state 27
    or_expr           go to state 28
    and_expr          go to state 29
    shift_expr        go to state 30
    match_expr        go to state 31
    arith_expr        go to state 32
    term              go to state 33
    factor            go to state 34
    power             go to state 35
    postfix_expr      go to state 36
    atom              go to state 37


状態 130

    3 stmts: stmts . newline stmt
  116 except: EXCEPT newline stmts .

    NEWLINE  shift, and go to state 52

    $default  reduce using rule 116 (except)

    newline  go to state 53


状態 131

   10 stmt: TRY stmts FINALLY stmts END .

    $default  reduce using rule 10 (stmt)


状態 132

    3 stmts: stmts . newline stmt
    8 stmt: TRY stmts excepts ELSE stmts . finally_opt END

    FINALLY  shift, and go to state 107
    NEWLINE  shift, and go to state 52

    $default  reduce using rule 118 (finally_opt)

    newline      go to state 53
    finally_opt  go to state 158


状態 133

    3 stmts: stmts . newline stmt
  119 finally_opt: FINALLY stmts .

    NEWLINE  shift, and go to state 52

    $default  reduce using rule 119 (finally_opt)

    newline  go to state 53


状態 134

    9 stmt: TRY stmts excepts finally_opt END .

    $default  reduce using rule 9 (stmt)


状態 135

  111 blockarg_opt: DO . LBRACKET params RBRACKET stmts END

    LBRACKET  shift, and go to state 159


状態 136

   98 postfix_expr: postfix_expr LPAR args_opt RPAR blockarg_opt .

    $default  reduce using rule 98 (postfix_expr)


状態 137

   20 stmt: CLASS @1 NAME super_opt stmts END .

    $default  reduce using rule 20 (stmt)


状態 138

   65 block_param: AMPER NAME param_default_opt .

    $default  reduce using rule 65 (block_param)


状態 139

   67 param_default_opt: param_default .

    $default  reduce using rule 67 (param_default_opt)


状態 140

   68 param_default: EQUAL expr .

    $default  reduce using rule 68 (param_default)


状態 141

    3 stmts: stmts . newline stmt
   30 func_def: DEF NAME LPAR params RPAR stmts . END

    END      shift, and go to state 160
    NEWLINE  shift, and go to state 52

    newline  go to state 53


状態 142

   59 params: var_param COMMA kw_param .

    $default  reduce using rule 59 (params)


状態 143

   57 params: block_param COMMA kw_param .

    $default  reduce using rule 57 (params)


状態 144

   55 params: block_param COMMA var_param . COMMA kw_param
   56       | block_param COMMA var_param .

    COMMA  shift, and go to state 161

    $default  reduce using rule 56 (params)


状態 145

   70 params_without_default: params_without_default COMMA NAME .
   73 param_with_default: NAME . param_default

    EQUAL  shift, and go to state 117

    $default  reduce using rule 70 (params_without_default)

    param_default  go to state 118


状態 146

   45 params: params_without_default COMMA kw_param .

    $default  reduce using rule 45 (params)


状態 147

   43 params: params_without_default COMMA var_param . COMMA kw_param
   44       | params_without_default COMMA var_param .

    COMMA  shift, and go to state 162

    $default  reduce using rule 44 (params)


状態 148

   39 params: params_without_default COMMA block_param . COMMA var_param COMMA kw_param
   40       | params_without_default COMMA block_param . COMMA var_param
   41       | params_without_default COMMA block_param . COMMA kw_param
   42       | params_without_default COMMA block_param .

    COMMA  shift, and go to state 163

    $default  reduce using rule 42 (params)


状態 149

   31 params: params_without_default COMMA params_with_default . COMMA block_param COMMA var_param COMMA kw_param
   32       | params_without_default COMMA params_with_default . COMMA block_param COMMA var_param
   33       | params_without_default COMMA params_with_default . COMMA block_param COMMA kw_param
   34       | params_without_default COMMA params_with_default . COMMA block_param
   35       | params_without_default COMMA params_with_default . COMMA var_param COMMA kw_param
   36       | params_without_default COMMA params_with_default . COMMA var_param
   37       | params_without_default COMMA params_with_default . COMMA kw_param
   38       | params_without_default COMMA params_with_default .
   72 params_with_default: params_with_default . COMMA param_with_default

    COMMA  shift, and go to state 164

    $default  reduce using rule 38 (params)


状態 150

   73 param_with_default: NAME . param_default

    EQUAL  shift, and go to state 117

    param_default  go to state 118


状態 151

   53 params: params_with_default COMMA kw_param .

    $default  reduce using rule 53 (params)


状態 152

   51 params: params_with_default COMMA var_param . COMMA kw_param
   52       | params_with_default COMMA var_param .

    COMMA  shift, and go to state 165

    $default  reduce using rule 52 (params)


状態 153

   47 params: params_with_default COMMA block_param . COMMA var_param COMMA kw_param
   48       | params_with_default COMMA block_param . COMMA var_param
   49       | params_with_default COMMA block_param . COMMA kw_param
   50       | params_with_default COMMA block_param .

    COMMA  shift, and go to state 166

    $default  reduce using rule 50 (params)


状態 154

   72 params_with_default: params_with_default COMMA param_with_default .

    $default  reduce using rule 72 (params_with_default)


状態 155

    3 stmts: stmts . newline stmt
   27 if_tail: ELIF expr stmts . if_tail

    ELIF     shift, and go to state 97
    ELSE     shift, and go to state 98
    NEWLINE  shift, and go to state 52

    $default  reduce using rule 28 (else_opt)

    if_tail   go to state 167
    else_opt  go to state 100
    newline   go to state 53


状態 156

  114 except: EXCEPT expr AS NAME . newline stmts

    NEWLINE  shift, and go to state 52

    newline  go to state 168


状態 157

    3 stmts: stmts . newline stmt
  115 except: EXCEPT expr newline stmts .

    NEWLINE  shift, and go to state 52

    $default  reduce using rule 115 (except)

    newline  go to state 53


状態 158

    8 stmt: TRY stmts excepts ELSE stmts finally_opt . END

    END  shift, and go to state 169


状態 159

  111 blockarg_opt: DO LBRACKET . params RBRACKET stmts END

    AMPER        shift, and go to state 86
    DOUBLE_STAR  shift, and go to state 87
    NAME         shift, and go to state 88
    STAR         shift, and go to state 89

    $default  reduce using rule 62 (params)

    params                  go to state 170
    kw_param                go to state 91
    var_param               go to state 92
    block_param             go to state 93
    params_without_default  go to state 94
    params_with_default     go to state 95
    param_with_default      go to state 96


状態 160

   30 func_def: DEF NAME LPAR params RPAR stmts END .

    $default  reduce using rule 30 (func_def)


状態 161

   55 params: block_param COMMA var_param COMMA . kw_param

    DOUBLE_STAR  shift, and go to state 87

    kw_param  go to state 171


状態 162

   43 params: params_without_default COMMA var_param COMMA . kw_param

    DOUBLE_STAR  shift, and go to state 87

    kw_param  go to state 172


状態 163

   39 params: params_without_default COMMA block_param COMMA . var_param COMMA kw_param
   40       | params_without_default COMMA block_param COMMA . var_param
   41       | params_without_default COMMA block_param COMMA . kw_param

    DOUBLE_STAR  shift, and go to state 87
    STAR         shift, and go to state 89

    kw_param   go to state 173
    var_param  go to state 174


状態 164

   31 params: params_without_default COMMA params_with_default COMMA . block_param COMMA var_param COMMA kw_param
   32       | params_without_default COMMA params_with_default COMMA . block_param COMMA var_param
   33       | params_without_default COMMA params_with_default COMMA . block_param COMMA kw_param
   34       | params_without_default COMMA params_with_default COMMA . block_param
   35       | params_without_default COMMA params_with_default COMMA . var_param COMMA kw_param
   36       | params_without_default COMMA params_with_default COMMA . var_param
   37       | params_without_default COMMA params_with_default COMMA . kw_param
   72 params_with_default: params_with_default COMMA . param_with_default

    AMPER        shift, and go to state 86
    DOUBLE_STAR  shift, and go to state 87
    NAME         shift, and go to state 150
    STAR         shift, and go to state 89

    kw_param            go to state 175
    var_param           go to state 176
    block_param         go to state 177
    param_with_default  go to state 154


状態 165

   51 params: params_with_default COMMA var_param COMMA . kw_param

    DOUBLE_STAR  shift, and go to state 87

    kw_param  go to state 178


状態 166

   47 params: params_with_default COMMA block_param COMMA . var_param COMMA kw_param
   48       | params_with_default COMMA block_param COMMA . var_param
   49       | params_with_default COMMA block_param COMMA . kw_param

    DOUBLE_STAR  shift, and go to state 87
    STAR         shift, and go to state 89

    kw_param   go to state 179
    var_param  go to state 180


状態 167

   27 if_tail: ELIF expr stmts if_tail .

    $default  reduce using rule 27 (if_tail)


状態 168

  114 except: EXCEPT expr AS NAME newline . stmts

    BREAK      shift, and go to state 1
    CLASS      shift, and go to state 2
    DEF        shift, and go to state 3
    IF         shift, and go to state 4
    NAME       shift, and go to state 5
    NEXT       shift, and go to state 6
    NONLOCAL   shift, and go to state 7
    NUMBER     shift, and go to state 8
    REGEXP     shift, and go to state 9
    RETURN     shift, and go to state 10
    STRING     shift, and go to state 11
    TRY        shift, and go to state 12
    WHILE      shift, and go to state 13
    tFALSE     shift, and go to state 14
    tTRUE      shift, and go to state 15
    t__LINE__  shift, and go to state 16

    $default  reduce using rule 4 (stmt)

    stmts             go to state 181
    stmt              go to state 19
    func_def          go to state 20
    expr              go to state 21
    assign_expr       go to state 22
    logical_or_expr   go to state 23
    logical_and_expr  go to state 24
    not_expr          go to state 25
    comparison        go to state 26
    xor_expr          go to state 27
    or_expr           go to state 28
    and_expr          go to state 29
    shift_expr        go to state 30
    match_expr        go to state 31
    arith_expr        go to state 32
    term              go to state 33
    factor            go to state 34
    power             go to state 35
    postfix_expr      go to state 36
    atom              go to state 37


状態 169

    8 stmt: TRY stmts excepts ELSE stmts finally_opt END .

    $default  reduce using rule 8 (stmt)


状態 170

  111 blockarg_opt: DO LBRACKET params . RBRACKET stmts END

    RBRACKET  shift, and go to state 182


状態 171

   55 params: block_param COMMA var_param COMMA kw_param .

    $default  reduce using rule 55 (params)


状態 172

   43 params: params_without_default COMMA var_param COMMA kw_param .

    $default  reduce using rule 43 (params)


状態 173

   41 params: params_without_default COMMA block_param COMMA kw_param .

    $default  reduce using rule 41 (params)


状態 174

   39 params: params_without_default COMMA block_param COMMA var_param . COMMA kw_param
   40       | params_without_default COMMA block_param COMMA var_param .

    COMMA  shift, and go to state 183

    $default  reduce using rule 40 (params)


状態 175

   37 params: params_without_default COMMA params_with_default COMMA kw_param .

    $default  reduce using rule 37 (params)


状態 176

   35 params: params_without_default COMMA params_with_default COMMA var_param . COMMA kw_param
   36       | params_without_default COMMA params_with_default COMMA var_param .

    COMMA  shift, and go to state 184

    $default  reduce using rule 36 (params)


状態 177

   31 params: params_without_default COMMA params_with_default COMMA block_param . COMMA var_param COMMA kw_param
   32       | params_without_default COMMA params_with_default COMMA block_param . COMMA var_param
   33       | params_without_default COMMA params_with_default COMMA block_param . COMMA kw_param
   34       | params_without_default COMMA params_with_default COMMA block_param .

    COMMA  shift, and go to state 185

    $default  reduce using rule 34 (params)


状態 178

   51 params: params_with_default COMMA var_param COMMA kw_param .

    $default  reduce using rule 51 (params)


状態 179

   49 params: params_with_default COMMA block_param COMMA kw_param .

    $default  reduce using rule 49 (params)


状態 180

   47 params: params_with_default COMMA block_param COMMA var_param . COMMA kw_param
   48       | params_with_default COMMA block_param COMMA var_param .

    COMMA  shift, and go to state 186

    $default  reduce using rule 48 (params)


状態 181

    3 stmts: stmts . newline stmt
  114 except: EXCEPT expr AS NAME newline stmts .

    NEWLINE  shift, and go to state 52

    $default  reduce using rule 114 (except)

    newline  go to state 53


状態 182

  111 blockarg_opt: DO LBRACKET params RBRACKET . stmts END

    BREAK      shift, and go to state 1
    CLASS      shift, and go to state 2
    DEF        shift, and go to state 3
    IF         shift, and go to state 4
    NAME       shift, and go to state 5
    NEXT       shift, and go to state 6
    NONLOCAL   shift, and go to state 7
    NUMBER     shift, and go to state 8
    REGEXP     shift, and go to state 9
    RETURN     shift, and go to state 10
    STRING     shift, and go to state 11
    TRY        shift, and go to state 12
    WHILE      shift, and go to state 13
    tFALSE     shift, and go to state 14
    tTRUE      shift, and go to state 15
    t__LINE__  shift, and go to state 16

    $default  reduce using rule 4 (stmt)

    stmts             go to state 187
    stmt              go to state 19
    func_def          go to state 20
    expr              go to state 21
    assign_expr       go to state 22
    logical_or_expr   go to state 23
    logical_and_expr  go to state 24
    not_expr          go to state 25
    comparison        go to state 26
    xor_expr          go to state 27
    or_expr           go to state 28
    and_expr          go to state 29
    shift_expr        go to state 30
    match_expr        go to state 31
    arith_expr        go to state 32
    term              go to state 33
    factor            go to state 34
    power             go to state 35
    postfix_expr      go to state 36
    atom              go to state 37


状態 183

   39 params: params_without_default COMMA block_param COMMA var_param COMMA . kw_param

    DOUBLE_STAR  shift, and go to state 87

    kw_param  go to state 188


状態 184

   35 params: params_without_default COMMA params_with_default COMMA var_param COMMA . kw_param

    DOUBLE_STAR  shift, and go to state 87

    kw_param  go to state 189


状態 185

   31 params: params_without_default COMMA params_with_default COMMA block_param COMMA . var_param COMMA kw_param
   32       | params_without_default COMMA params_with_default COMMA block_param COMMA . var_param
   33       | params_without_default COMMA params_with_default COMMA block_param COMMA . kw_param

    DOUBLE_STAR  shift, and go to state 87
    STAR         shift, and go to state 89

    kw_param   go to state 190
    var_param  go to state 191


状態 186

   47 params: params_with_default COMMA block_param COMMA var_param COMMA . kw_param

    DOUBLE_STAR  shift, and go to state 87

    kw_param  go to state 192


状態 187

    3 stmts: stmts . newline stmt
  111 blockarg_opt: DO LBRACKET params RBRACKET stmts . END

    END      shift, and go to state 193
    NEWLINE  shift, and go to state 52

    newline  go to state 53


状態 188

   39 params: params_without_default COMMA block_param COMMA var_param COMMA kw_param .

    $default  reduce using rule 39 (params)


状態 189

   35 params: params_without_default COMMA params_with_default COMMA var_param COMMA kw_param .

    $default  reduce using rule 35 (params)


状態 190

   33 params: params_without_default COMMA params_with_default COMMA block_param COMMA kw_param .

    $default  reduce using rule 33 (params)


状態 191

   31 params: params_without_default COMMA params_with_default COMMA block_param COMMA var_param . COMMA kw_param
   32       | params_without_default COMMA params_with_default COMMA block_param COMMA var_param .

    COMMA  shift, and go to state 194

    $default  reduce using rule 32 (params)


状態 192

   47 params: params_with_default COMMA block_param COMMA var_param COMMA kw_param .

    $default  reduce using rule 47 (params)


状態 193

  111 blockarg_opt: DO LBRACKET params RBRACKET stmts END .

    $default  reduce using rule 111 (blockarg_opt)


状態 194

   31 params: params_without_default COMMA params_with_default COMMA block_param COMMA var_param COMMA . kw_param

    DOUBLE_STAR  shift, and go to state 87

    kw_param  go to state 195


状態 195

   31 params: params_without_default COMMA params_with_default COMMA block_param COMMA var_param COMMA kw_param .

    $default  reduce using rule 31 (params)
