This file contains any messages produced by compilers while
running configure, to aid debugging if configure makes a mistake.

It was created by onig configure 5.9.1, which was
generated by GNU Autoconf 2.59.  Invocation command line was

  $ ./configure --prefix=/home/tom --cache-file=/dev/null --srcdir=.

## --------- ##
## Platform. ##
## --------- ##

hostname = nymphenburg
uname -m = i686
uname -r = 2.6.24-22-generic
uname -s = Linux
uname -v = #1 SMP Mon Nov 24 18:32:42 UTC 2008

/usr/bin/uname -p = unknown
/bin/uname -X     = unknown

/bin/arch              = unknown
/usr/bin/arch -k       = unknown
/usr/convex/getsysinfo = unknown
hostinfo               = unknown
/bin/machine           = unknown
/usr/bin/oslevel       = unknown
/bin/universe          = unknown

PATH: /home/tom/.wine/drive_c/flex_sdk_3/bin
PATH: /home/tom/jdk1.6.0_05/bin
PATH: /home/tom/bin
PATH: /usr/local/sbin
PATH: /usr/local/bin
PATH: /usr/sbin
PATH: /usr/bin
PATH: /sbin
PATH: /bin
PATH: /usr/games


## ----------- ##
## Core tests. ##
## ----------- ##

configure:1552: checking for a BSD-compatible install
configure:1607: result: /usr/bin/install -c
configure:1618: checking whether build environment is sane
configure:1661: result: yes
configure:1726: checking for gawk
configure:1742: found /usr/bin/gawk
configure:1752: result: gawk
configure:1762: checking whether make sets $(MAKE)
configure:1782: result: yes
configure:2045: checking for gcc
configure:2061: found /usr/bin/gcc
configure:2071: result: gcc
configure:2315: checking for C compiler version
configure:2318: gcc --version </dev/null >&5
gcc (GCC) 4.2.4 (Ubuntu 4.2.4-1ubuntu3)
Copyright (C) 2007 Free Software Foundation, Inc.
This is free software; see the source for copying conditions.  There is NO
warranty; not even for MERCHANTABILITY or FITNESS FOR A PARTICULAR PURPOSE.

configure:2321: $? = 0
configure:2323: gcc -v </dev/null >&5
Using built-in specs.
Target: i486-linux-gnu
Configured with: ../src/configure -v --enable-languages=c,c++,fortran,objc,obj-c++,treelang --prefix=/usr --enable-shared --with-system-zlib --libexecdir=/usr/lib --without-included-gettext --enable-threads=posix --enable-nls --with-gxx-include-dir=/usr/include/c++/4.2 --program-suffix=-4.2 --enable-clocale=gnu --enable-libstdcxx-debug --enable-objc-gc --enable-mpfr --enable-targets=all --enable-checking=release --build=i486-linux-gnu --host=i486-linux-gnu --target=i486-linux-gnu
Thread model: posix
gcc version 4.2.4 (Ubuntu 4.2.4-1ubuntu3)
configure:2326: $? = 0
configure:2328: gcc -V </dev/null >&5
gcc: '-V' option must have argument
configure:2331: $? = 1
configure:2354: checking for C compiler default output file name
configure:2357: gcc    conftest.c  >&5
configure:2360: $? = 0
configure:2406: result: a.out
configure:2411: checking whether the C compiler works
configure:2417: ./a.out
configure:2420: $? = 0
configure:2437: result: yes
configure:2444: checking whether we are cross compiling
configure:2446: result: no
configure:2449: checking for suffix of executables
configure:2451: gcc -o conftest    conftest.c  >&5
configure:2454: $? = 0
configure:2479: result: 
configure:2485: checking for suffix of object files
configure:2506: gcc -c   conftest.c >&5
configure:2509: $? = 0
configure:2531: result: o
configure:2535: checking whether we are using the GNU C compiler
configure:2559: gcc -c   conftest.c >&5
configure:2565: $? = 0
configure:2569: test -z 
			 || test ! -s conftest.err
configure:2572: $? = 0
configure:2575: test -s conftest.o
configure:2578: $? = 0
configure:2591: result: yes
configure:2597: checking whether gcc accepts -g
configure:2618: gcc -c -g  conftest.c >&5
configure:2624: $? = 0
configure:2628: test -z 
			 || test ! -s conftest.err
configure:2631: $? = 0
configure:2634: test -s conftest.o
configure:2637: $? = 0
configure:2648: result: yes
configure:2665: checking for gcc option to accept ANSI C
configure:2735: gcc  -c -g -O2  conftest.c >&5
configure:2741: $? = 0
configure:2745: test -z 
			 || test ! -s conftest.err
configure:2748: $? = 0
configure:2751: test -s conftest.o
configure:2754: $? = 0
configure:2772: result: none needed
configure:2790: gcc -c -g -O2  conftest.c >&5
conftest.c:2: error: expected '=', ',', ';', 'asm' or '__attribute__' before 'me'
configure:2796: $? = 1
configure: failed program was:
| #ifndef __cplusplus
|   choke me
| #endif
configure:2940: checking for style of include used by make
configure:2968: result: GNU
configure:2996: checking dependency style of gcc
configure:3086: result: gcc3
configure:3181: checking build system type
configure:3199: result: i686-pc-linux-gnu
configure:3207: checking host system type
configure:3221: result: i686-pc-linux-gnu
configure:3229: checking for a sed that does not truncate output
configure:3283: result: /bin/sed
configure:3286: checking for egrep
configure:3296: result: grep -E
configure:3312: checking for ld used by gcc
configure:3379: result: /usr/bin/ld
configure:3388: checking if the linker (/usr/bin/ld) is GNU ld
configure:3403: result: yes
configure:3408: checking for /usr/bin/ld option to reload object files
configure:3415: result: -r
configure:3433: checking for BSD-compatible nm
configure:3475: result: /usr/bin/nm -B
configure:3479: checking whether ln -s works
configure:3483: result: yes
configure:3490: checking how to recognise dependent libraries
configure:3662: result: pass_all
configure:3876: checking how to run the C preprocessor
configure:3911: gcc -E  conftest.c
configure:3917: $? = 0
configure:3949: gcc -E  conftest.c
conftest.c:11:28: error: ac_nonexistent.h: No such file or directory
configure:3955: $? = 1
configure: failed program was:
| /* confdefs.h.  */
| 
| #define PACKAGE_NAME "onig"
| #define PACKAGE_TARNAME "onig"
| #define PACKAGE_VERSION "5.9.1"
| #define PACKAGE_STRING "onig 5.9.1"
| #define PACKAGE_BUGREPORT ""
| #define PACKAGE "onig"
| #define VERSION "5.9.1"
| /* end confdefs.h.  */
| #include <ac_nonexistent.h>
configure:3994: result: gcc -E
configure:4018: gcc -E  conftest.c
configure:4024: $? = 0
configure:4056: gcc -E  conftest.c
conftest.c:11:28: error: ac_nonexistent.h: No such file or directory
configure:4062: $? = 1
configure: failed program was:
| /* confdefs.h.  */
| 
| #define PACKAGE_NAME "onig"
| #define PACKAGE_TARNAME "onig"
| #define PACKAGE_VERSION "5.9.1"
| #define PACKAGE_STRING "onig 5.9.1"
| #define PACKAGE_BUGREPORT ""
| #define PACKAGE "onig"
| #define VERSION "5.9.1"
| /* end confdefs.h.  */
| #include <ac_nonexistent.h>
configure:4106: checking for ANSI C header files
configure:4131: gcc -c -g -O2  conftest.c >&5
configure:4137: $? = 0
configure:4141: test -z 
			 || test ! -s conftest.err
configure:4144: $? = 0
configure:4147: test -s conftest.o
configure:4150: $? = 0
configure:4239: gcc -o conftest -g -O2   conftest.c  >&5
conftest.c: In function 'main':
conftest.c:28: warning: incompatible implicit declaration of built-in function 'exit'
configure:4242: $? = 0
configure:4244: ./conftest
configure:4247: $? = 0
configure:4262: result: yes
configure:4286: checking for sys/types.h
configure:4302: gcc -c -g -O2  conftest.c >&5
configure:4308: $? = 0
configure:4312: test -z 
			 || test ! -s conftest.err
configure:4315: $? = 0
configure:4318: test -s conftest.o
configure:4321: $? = 0
configure:4332: result: yes
configure:4286: checking for sys/stat.h
configure:4302: gcc -c -g -O2  conftest.c >&5
configure:4308: $? = 0
configure:4312: test -z 
			 || test ! -s conftest.err
configure:4315: $? = 0
configure:4318: test -s conftest.o
configure:4321: $? = 0
configure:4332: result: yes
configure:4286: checking for stdlib.h
configure:4302: gcc -c -g -O2  conftest.c >&5
configure:4308: $? = 0
configure:4312: test -z 
			 || test ! -s conftest.err
configure:4315: $? = 0
configure:4318: test -s conftest.o
configure:4321: $? = 0
configure:4332: result: yes
configure:4286: checking for string.h
configure:4302: gcc -c -g -O2  conftest.c >&5
configure:4308: $? = 0
configure:4312: test -z 
			 || test ! -s conftest.err
configure:4315: $? = 0
configure:4318: test -s conftest.o
configure:4321: $? = 0
configure:4332: result: yes
configure:4286: checking for memory.h
configure:4302: gcc -c -g -O2  conftest.c >&5
configure:4308: $? = 0
configure:4312: test -z 
			 || test ! -s conftest.err
configure:4315: $? = 0
configure:4318: test -s conftest.o
configure:4321: $? = 0
configure:4332: result: yes
configure:4286: checking for strings.h
configure:4302: gcc -c -g -O2  conftest.c >&5
configure:4308: $? = 0
configure:4312: test -z 
			 || test ! -s conftest.err
configure:4315: $? = 0
configure:4318: test -s conftest.o
configure:4321: $? = 0
configure:4332: result: yes
configure:4286: checking for inttypes.h
configure:4302: gcc -c -g -O2  conftest.c >&5
configure:4308: $? = 0
configure:4312: test -z 
			 || test ! -s conftest.err
configure:4315: $? = 0
configure:4318: test -s conftest.o
configure:4321: $? = 0
configure:4332: result: yes
configure:4286: checking for stdint.h
configure:4302: gcc -c -g -O2  conftest.c >&5
configure:4308: $? = 0
configure:4312: test -z 
			 || test ! -s conftest.err
configure:4315: $? = 0
configure:4318: test -s conftest.o
configure:4321: $? = 0
configure:4332: result: yes
configure:4286: checking for unistd.h
configure:4302: gcc -c -g -O2  conftest.c >&5
configure:4308: $? = 0
configure:4312: test -z 
			 || test ! -s conftest.err
configure:4315: $? = 0
configure:4318: test -s conftest.o
configure:4321: $? = 0
configure:4332: result: yes
configure:4358: checking dlfcn.h usability
configure:4370: gcc -c -g -O2  conftest.c >&5
configure:4376: $? = 0
configure:4380: test -z 
			 || test ! -s conftest.err
configure:4383: $? = 0
configure:4386: test -s conftest.o
configure:4389: $? = 0
configure:4399: result: yes
configure:4403: checking dlfcn.h presence
configure:4413: gcc -E  conftest.c
configure:4419: $? = 0
configure:4439: result: yes
configure:4474: checking for dlfcn.h
configure:4481: result: yes
configure:4546: checking for g++
configure:4562: found /usr/bin/g++
configure:4572: result: g++
configure:4588: checking for C++ compiler version
configure:4591: g++ --version </dev/null >&5
g++ (GCC) 4.2.4 (Ubuntu 4.2.4-1ubuntu3)
Copyright (C) 2007 Free Software Foundation, Inc.
This is free software; see the source for copying conditions.  There is NO
warranty; not even for MERCHANTABILITY or FITNESS FOR A PARTICULAR PURPOSE.

configure:4594: $? = 0
configure:4596: g++ -v </dev/null >&5
Using built-in specs.
Target: i486-linux-gnu
Configured with: ../src/configure -v --enable-languages=c,c++,fortran,objc,obj-c++,treelang --prefix=/usr --enable-shared --with-system-zlib --libexecdir=/usr/lib --without-included-gettext --enable-threads=posix --enable-nls --with-gxx-include-dir=/usr/include/c++/4.2 --program-suffix=-4.2 --enable-clocale=gnu --enable-libstdcxx-debug --enable-objc-gc --enable-mpfr --enable-targets=all --enable-checking=release --build=i486-linux-gnu --host=i486-linux-gnu --target=i486-linux-gnu
Thread model: posix
gcc version 4.2.4 (Ubuntu 4.2.4-1ubuntu3)
configure:4599: $? = 0
configure:4601: g++ -V </dev/null >&5
g++: '-V' option must have argument
configure:4604: $? = 1
configure:4607: checking whether we are using the GNU C++ compiler
configure:4631: g++ -c   conftest.cc >&5
configure:4637: $? = 0
configure:4641: test -z 
			 || test ! -s conftest.err
configure:4644: $? = 0
configure:4647: test -s conftest.o
configure:4650: $? = 0
configure:4663: result: yes
configure:4669: checking whether g++ accepts -g
configure:4690: g++ -c -g  conftest.cc >&5
configure:4696: $? = 0
configure:4700: test -z 
			 || test ! -s conftest.err
configure:4703: $? = 0
configure:4706: test -s conftest.o
configure:4709: $? = 0
configure:4720: result: yes
configure:4762: g++ -c -g -O2  conftest.cc >&5
configure:4768: $? = 0
configure:4772: test -z 
			 || test ! -s conftest.err
configure:4775: $? = 0
configure:4778: test -s conftest.o
configure:4781: $? = 0
configure:4807: g++ -c -g -O2  conftest.cc >&5
conftest.cc: In function 'int main()':
conftest.cc:26: error: 'exit' was not declared in this scope
configure:4813: $? = 1
configure: failed program was:
| /* confdefs.h.  */
| 
| #define PACKAGE_NAME "onig"
| #define PACKAGE_TARNAME "onig"
| #define PACKAGE_VERSION "5.9.1"
| #define PACKAGE_STRING "onig 5.9.1"
| #define PACKAGE_BUGREPORT ""
| #define PACKAGE "onig"
| #define VERSION "5.9.1"
| #define STDC_HEADERS 1
| #define HAVE_SYS_TYPES_H 1
| #define HAVE_SYS_STAT_H 1
| #define HAVE_STDLIB_H 1
| #define HAVE_STRING_H 1
| #define HAVE_MEMORY_H 1
| #define HAVE_STRINGS_H 1
| #define HAVE_INTTYPES_H 1
| #define HAVE_STDINT_H 1
| #define HAVE_UNISTD_H 1
| #define HAVE_DLFCN_H 1
| /* end confdefs.h.  */
| 
| int
| main ()
| {
| exit (42);
|   ;
|   return 0;
| }
configure:4762: g++ -c -g -O2  conftest.cc >&5
conftest.cc:22: error: 'void std::exit(int)' should have been declared inside 'std'
configure:4768: $? = 1
configure: failed program was:
| /* confdefs.h.  */
| 
| #define PACKAGE_NAME "onig"
| #define PACKAGE_TARNAME "onig"
| #define PACKAGE_VERSION "5.9.1"
| #define PACKAGE_STRING "onig 5.9.1"
| #define PACKAGE_BUGREPORT ""
| #define PACKAGE "onig"
| #define VERSION "5.9.1"
| #define STDC_HEADERS 1
| #define HAVE_SYS_TYPES_H 1
| #define HAVE_SYS_STAT_H 1
| #define HAVE_STDLIB_H 1
| #define HAVE_STRING_H 1
| #define HAVE_MEMORY_H 1
| #define HAVE_STRINGS_H 1
| #define HAVE_INTTYPES_H 1
| #define HAVE_STDINT_H 1
| #define HAVE_UNISTD_H 1
| #define HAVE_DLFCN_H 1
| /* end confdefs.h.  */
| extern "C" void std::exit (int) throw (); using std::exit;
| #include <stdlib.h>
| int
| main ()
| {
| exit (42);
|   ;
|   return 0;
| }
configure:4762: g++ -c -g -O2  conftest.cc >&5
conftest.cc:22: error: 'void std::exit(int)' should have been declared inside 'std'
In file included from conftest.cc:23:
/usr/include/stdlib.h:531: error: declaration of 'void std::exit(int) throw ()' throws different exceptions
conftest.cc:22: error: from previous declaration 'void std::exit(int)'
configure:4768: $? = 1
configure: failed program was:
| /* confdefs.h.  */
| 
| #define PACKAGE_NAME "onig"
| #define PACKAGE_TARNAME "onig"
| #define PACKAGE_VERSION "5.9.1"
| #define PACKAGE_STRING "onig 5.9.1"
| #define PACKAGE_BUGREPORT ""
| #define PACKAGE "onig"
| #define VERSION "5.9.1"
| #define STDC_HEADERS 1
| #define HAVE_SYS_TYPES_H 1
| #define HAVE_SYS_STAT_H 1
| #define HAVE_STDLIB_H 1
| #define HAVE_STRING_H 1
| #define HAVE_MEMORY_H 1
| #define HAVE_STRINGS_H 1
| #define HAVE_INTTYPES_H 1
| #define HAVE_STDINT_H 1
| #define HAVE_UNISTD_H 1
| #define HAVE_DLFCN_H 1
| /* end confdefs.h.  */
| extern "C" void std::exit (int); using std::exit;
| #include <stdlib.h>
| int
| main ()
| {
| exit (42);
|   ;
|   return 0;
| }
configure:4762: g++ -c -g -O2  conftest.cc >&5
configure:4768: $? = 0
configure:4772: test -z 
			 || test ! -s conftest.err
configure:4775: $? = 0
configure:4778: test -s conftest.o
configure:4781: $? = 0
configure:4807: g++ -c -g -O2  conftest.cc >&5
configure:4813: $? = 0
configure:4817: test -z 
			 || test ! -s conftest.err
configure:4820: $? = 0
configure:4823: test -s conftest.o
configure:4826: $? = 0
configure:4851: checking dependency style of g++
configure:4941: result: gcc3
configure:4968: checking how to run the C++ preprocessor
configure:4999: g++ -E  conftest.cc
configure:5005: $? = 0
configure:5037: g++ -E  conftest.cc
conftest.cc:25:28: error: ac_nonexistent.h: No such file or directory
configure:5043: $? = 1
configure: failed program was:
| /* confdefs.h.  */
| 
| #define PACKAGE_NAME "onig"
| #define PACKAGE_TARNAME "onig"
| #define PACKAGE_VERSION "5.9.1"
| #define PACKAGE_STRING "onig 5.9.1"
| #define PACKAGE_BUGREPORT ""
| #define PACKAGE "onig"
| #define VERSION "5.9.1"
| #define STDC_HEADERS 1
| #define HAVE_SYS_TYPES_H 1
| #define HAVE_SYS_STAT_H 1
| #define HAVE_STDLIB_H 1
| #define HAVE_STRING_H 1
| #define HAVE_MEMORY_H 1
| #define HAVE_STRINGS_H 1
| #define HAVE_INTTYPES_H 1
| #define HAVE_STDINT_H 1
| #define HAVE_UNISTD_H 1
| #define HAVE_DLFCN_H 1
| #ifdef __cplusplus
| extern "C" void exit (int) throw ();
| #endif
| /* end confdefs.h.  */
| #include <ac_nonexistent.h>
configure:5082: result: g++ -E
configure:5106: g++ -E  conftest.cc
configure:5112: $? = 0
configure:5144: g++ -E  conftest.cc
conftest.cc:25:28: error: ac_nonexistent.h: No such file or directory
configure:5150: $? = 1
configure: failed program was:
| /* confdefs.h.  */
| 
| #define PACKAGE_NAME "onig"
| #define PACKAGE_TARNAME "onig"
| #define PACKAGE_VERSION "5.9.1"
| #define PACKAGE_STRING "onig 5.9.1"
| #define PACKAGE_BUGREPORT ""
| #define PACKAGE "onig"
| #define VERSION "5.9.1"
| #define STDC_HEADERS 1
| #define HAVE_SYS_TYPES_H 1
| #define HAVE_SYS_STAT_H 1
| #define HAVE_STDLIB_H 1
| #define HAVE_STRING_H 1
| #define HAVE_MEMORY_H 1
| #define HAVE_STRINGS_H 1
| #define HAVE_INTTYPES_H 1
| #define HAVE_STDINT_H 1
| #define HAVE_UNISTD_H 1
| #define HAVE_DLFCN_H 1
| #ifdef __cplusplus
| extern "C" void exit (int) throw ();
| #endif
| /* end confdefs.h.  */
| #include <ac_nonexistent.h>
configure:5247: checking for g77
configure:5276: result: no
configure:5247: checking for f77
configure:5276: result: no
configure:5247: checking for xlf
configure:5276: result: no
configure:5247: checking for frt
configure:5276: result: no
configure:5247: checking for pgf77
configure:5276: result: no
configure:5247: checking for fort77
configure:5276: result: no
configure:5247: checking for fl32
configure:5276: result: no
configure:5247: checking for af77
configure:5276: result: no
configure:5247: checking for f90
configure:5276: result: no
configure:5247: checking for xlf90
configure:5276: result: no
configure:5247: checking for pgf90
configure:5276: result: no
configure:5247: checking for epcf90
configure:5276: result: no
configure:5247: checking for f95
configure:5276: result: no
configure:5247: checking for fort
configure:5276: result: no
configure:5247: checking for xlf95
configure:5276: result: no
configure:5247: checking for ifc
configure:5276: result: no
configure:5247: checking for efc
configure:5276: result: no
configure:5247: checking for pgf95
configure:5276: result: no
configure:5247: checking for lf95
configure:5276: result: no
configure:5247: checking for gfortran
configure:5276: result: no
configure:5288: checking for Fortran 77 compiler version
configure:5291:  --version </dev/null >&5
./configure: line 5292: --version: command not found
configure:5294: $? = 127
configure:5296:  -v </dev/null >&5
./configure: line 5297: -v: command not found
configure:5299: $? = 127
configure:5301:  -V </dev/null >&5
./configure: line 5302: -V: command not found
configure:5304: $? = 127
configure:5312: checking whether we are using the GNU Fortran 77 compiler
configure:5326:  -c  conftest.F >&5
./configure: line 5327: -c: command not found
configure:5332: $? = 127
configure: failed program was:
|       program main
| #ifndef __GNUC__
|        choke me
| #endif
| 
|       end
configure:5358: result: no
configure:5364: checking whether  accepts -g
configure:5376:  -c -g conftest.f >&5
./configure: line 5377: -c: command not found
configure:5382: $? = 127
configure: failed program was:
|       program main
| 
|       end
configure:5407: result: no
configure:5437: checking the maximum length of command line arguments
configure:5529: result: 32768
configure:5540: checking command to parse /usr/bin/nm -B output from gcc object
configure:5636: gcc -c -g -O2  conftest.c >&5
configure:5639: $? = 0
configure:5643: /usr/bin/nm -B conftest.o \| sed -n -e 's/^.*[ 	]\([ABCDGIRSTW][ABCDGIRSTW]*\)[ 	][ 	]*\([_A-Za-z][_A-Za-z0-9]*\)$/\1 \2 \2/p' \> conftest.nm
configure:5646: $? = 0
configure:5698: gcc -o conftest -g -O2   conftest.c conftstm.o >&5
configure:5701: $? = 0
configure:5739: result: ok
configure:5743: checking for objdir
configure:5758: result: .libs
configure:5848: checking for ar
configure:5864: found /usr/bin/ar
configure:5875: result: ar
configure:5928: checking for ranlib
configure:5944: found /usr/bin/ranlib
configure:5955: result: ranlib
configure:6008: checking for strip
configure:6024: found /usr/bin/strip
configure:6035: result: strip
configure:6322: checking if gcc static flag  works
configure:6350: result: yes
configure:6368: checking if gcc supports -fno-rtti -fno-exceptions
configure:6386: gcc -c -g -O2  -fno-rtti -fno-exceptions conftest.c >&5
cc1: warning: command line option "-fno-rtti" is valid for C++/ObjC++ but not for C
configure:6390: $? = 0
configure:6403: result: no
configure:6418: checking for gcc option to produce PIC
configure:6622: result: -fPIC
configure:6630: checking if gcc PIC flag -fPIC works
configure:6648: gcc -c -g -O2  -fPIC -DPIC conftest.c >&5
configure:6652: $? = 0
configure:6665: result: yes
configure:6689: checking if gcc supports -c -o file.o
configure:6710: gcc -c -g -O2  -o out/conftest2.o conftest.c >&5
configure:6714: $? = 0
configure:6736: result: yes
configure:6762: checking whether the gcc linker (/usr/bin/ld) supports shared libraries
configure:7657: result: yes
configure:7683: checking whether -lc should be explicitly linked in
configure:7688: gcc -c -g -O2  conftest.c >&5
configure:7691: $? = 0
configure:7705: gcc -shared conftest.o  -v -Wl,-soname -Wl,conftest -o conftest 2\>\&1 \| grep  -lc  \>/dev/null 2\>\&1
configure:7708: $? = 0
configure:7720: result: no
configure:7728: checking dynamic linker characteristics
configure:8291: result: GNU/Linux ld.so
configure:8295: checking how to hardcode library paths into programs
configure:8320: result: immediate
configure:8334: checking whether stripping libraries is possible
configure:8339: result: yes
configure:9169: checking if libtool supports shared libraries
configure:9171: result: yes
configure:9174: checking whether to build shared libraries
configure:9195: result: yes
configure:9198: checking whether to build static libraries
configure:9202: result: yes
configure:9294: creating libtool
configure:9872: checking for ld used by g++
configure:9939: result: /usr/bin/ld
configure:9948: checking if the linker (/usr/bin/ld) is GNU ld
configure:9963: result: yes
configure:10014: checking whether the g++ linker (/usr/bin/ld) supports shared libraries
configure:10901: result: yes
configure:10919: g++ -c -g -O2  conftest.cc >&5
configure:10922: $? = 0
configure:11018: checking for g++ option to produce PIC
configure:11286: result: -fPIC
configure:11294: checking if g++ PIC flag -fPIC works
configure:11312: g++ -c -g -O2  -fPIC -DPIC conftest.cc >&5
configure:11316: $? = 0
configure:11329: result: yes
configure:11353: checking if g++ supports -c -o file.o
configure:11374: g++ -c -g -O2  -o out/conftest2.o conftest.cc >&5
configure:11378: $? = 0
configure:11400: result: yes
configure:11426: checking whether the g++ linker (/usr/bin/ld) supports shared libraries
configure:11451: result: yes
configure:11522: checking dynamic linker characteristics
configure:12085: result: GNU/Linux ld.so
configure:12089: checking how to hardcode library paths into programs
configure:12114: result: immediate
configure:12128: checking whether stripping libraries is possible
configure:12133: result: yes
configure:19687: checking for a BSD-compatible install
configure:19742: result: /usr/bin/install -c
configure:19753: checking whether make sets $(MAKE)
configure:19773: result: yes
configure:19784: checking for ANSI C header files
configure:19940: result: yes
configure:19960: checking for stdlib.h
configure:19965: result: yes
configure:19960: checking for string.h
configure:19965: result: yes
configure:19960: checking for strings.h
configure:19965: result: yes
configure:19969: checking sys/time.h usability
configure:19981: gcc -c -g -O2  conftest.c >&5
configure:19987: $? = 0
configure:19991: test -z 
			 || test ! -s conftest.err
configure:19994: $? = 0
configure:19997: test -s conftest.o
configure:20000: $? = 0
configure:20010: result: yes
configure:20014: checking sys/time.h presence
configure:20024: gcc -E  conftest.c
configure:20030: $? = 0
configure:20050: result: yes
configure:20085: checking for sys/time.h
configure:20092: result: yes
configure:19960: checking for unistd.h
configure:19965: result: yes
configure:19969: checking sys/times.h usability
configure:19981: gcc -c -g -O2  conftest.c >&5
configure:19987: $? = 0
configure:19991: test -z 
			 || test ! -s conftest.err
configure:19994: $? = 0
configure:19997: test -s conftest.o
configure:20000: $? = 0
configure:20010: result: yes
configure:20014: checking sys/times.h presence
configure:20024: gcc -E  conftest.c
configure:20030: $? = 0
configure:20050: result: yes
configure:20085: checking for sys/times.h
configure:20092: result: yes
configure:20106: checking for int
configure:20130: gcc -c -g -O2  conftest.c >&5
configure:20136: $? = 0
configure:20140: test -z 
			 || test ! -s conftest.err
configure:20143: $? = 0
configure:20146: test -s conftest.o
configure:20149: $? = 0
configure:20160: result: yes
configure:20163: checking size of int
configure:20482: gcc -o conftest -g -O2   conftest.c  >&5
configure:20485: $? = 0
configure:20487: ./conftest
configure:20490: $? = 0
configure:20513: result: 4
configure:20520: checking for short
configure:20544: gcc -c -g -O2  conftest.c >&5
configure:20550: $? = 0
configure:20554: test -z 
			 || test ! -s conftest.err
configure:20557: $? = 0
configure:20560: test -s conftest.o
configure:20563: $? = 0
configure:20574: result: yes
configure:20577: checking size of short
configure:20896: gcc -o conftest -g -O2   conftest.c  >&5
configure:20899: $? = 0
configure:20901: ./conftest
configure:20904: $? = 0
configure:20927: result: 2
configure:20934: checking for long
configure:20958: gcc -c -g -O2  conftest.c >&5
configure:20964: $? = 0
configure:20968: test -z 
			 || test ! -s conftest.err
configure:20971: $? = 0
configure:20974: test -s conftest.o
configure:20977: $? = 0
configure:20988: result: yes
configure:20991: checking size of long
configure:21310: gcc -o conftest -g -O2   conftest.c  >&5
configure:21313: $? = 0
configure:21315: ./conftest
configure:21318: $? = 0
configure:21341: result: 4
configure:21348: checking for an ANSI C-conforming const
configure:21415: gcc -c -g -O2  conftest.c >&5
configure:21421: $? = 0
configure:21425: test -z 
			 || test ! -s conftest.err
configure:21428: $? = 0
configure:21431: test -s conftest.o
configure:21434: $? = 0
configure:21445: result: yes
configure:21455: checking whether time.h and sys/time.h may both be included
configure:21480: gcc -c -g -O2  conftest.c >&5
configure:21486: $? = 0
configure:21490: test -z 
			 || test ! -s conftest.err
configure:21493: $? = 0
configure:21496: test -s conftest.o
configure:21499: $? = 0
configure:21510: result: yes
configure:21523: checking for working alloca.h
configure:21544: gcc -o conftest -g -O2   conftest.c  >&5
configure:21550: $? = 0
configure:21554: test -z 
			 || test ! -s conftest.err
configure:21557: $? = 0
configure:21560: test -s conftest
configure:21563: $? = 0
configure:21575: result: yes
configure:21585: checking for alloca
configure:21626: gcc -o conftest -g -O2   conftest.c  >&5
configure:21632: $? = 0
configure:21636: test -z 
			 || test ! -s conftest.err
configure:21639: $? = 0
configure:21642: test -s conftest
configure:21645: $? = 0
configure:21657: result: yes
configure:21880: checking for working memcmp
configure:21928: gcc -o conftest -g -O2   conftest.c  >&5
configure:21931: $? = 0
configure:21933: ./conftest
configure:21936: $? = 0
configure:21950: result: yes
configure:21962: checking for prototypes
configure:21983: gcc -c -g -O2  conftest.c >&5
configure:21989: $? = 0
configure:21993: test -z 
			 || test ! -s conftest.err
configure:21996: $? = 0
configure:21999: test -s conftest.o
configure:22002: $? = 0
configure:22013: result: yes
configure:22023: checking for variable length prototypes and stdarg.h
configure:22054: gcc -c -g -O2  conftest.c >&5
configure:22060: $? = 0
configure:22064: test -z 
			 || test ! -s conftest.err
configure:22067: $? = 0
configure:22070: test -s conftest.o
configure:22073: $? = 0
configure:22084: result: yes
configure:22213: creating ./config.status

## ---------------------- ##
## Running config.status. ##
## ---------------------- ##

This file was extended by onig config.status 5.9.1, which was
generated by GNU Autoconf 2.59.  Invocation command line was

  CONFIG_FILES    = 
  CONFIG_HEADERS  = 
  CONFIG_LINKS    = 
  CONFIG_COMMANDS = 
  $ ./config.status 

on nymphenburg

config.status:721: creating Makefile
config.status:721: creating onig-config
config.status:721: creating sample/Makefile
config.status:825: creating config.h
config.status:1143: executing depfiles commands
config.status:1143: executing default commands

## ---------------- ##
## Cache variables. ##
## ---------------- ##

ac_cv_build=i686-pc-linux-gnu
ac_cv_build_alias=i686-pc-linux-gnu
ac_cv_c_compiler_gnu=yes
ac_cv_c_const=yes
ac_cv_cxx_compiler_gnu=yes
ac_cv_env_CC_set=
ac_cv_env_CC_value=
ac_cv_env_CFLAGS_set=
ac_cv_env_CFLAGS_value=
ac_cv_env_CPPFLAGS_set=
ac_cv_env_CPPFLAGS_value=
ac_cv_env_CPP_set=
ac_cv_env_CPP_value=
ac_cv_env_CXXCPP_set=
ac_cv_env_CXXCPP_value=
ac_cv_env_CXXFLAGS_set=
ac_cv_env_CXXFLAGS_value=
ac_cv_env_CXX_set=
ac_cv_env_CXX_value=
ac_cv_env_F77_set=
ac_cv_env_F77_value=
ac_cv_env_FFLAGS_set=
ac_cv_env_FFLAGS_value=
ac_cv_env_LDFLAGS_set=
ac_cv_env_LDFLAGS_value=
ac_cv_env_build_alias_set=
ac_cv_env_build_alias_value=
ac_cv_env_host_alias_set=
ac_cv_env_host_alias_value=
ac_cv_env_target_alias_set=
ac_cv_env_target_alias_value=
ac_cv_exeext=
ac_cv_f77_compiler_gnu=no
ac_cv_func_alloca_works=yes
ac_cv_func_memcmp_working=yes
ac_cv_header_dlfcn_h=yes
ac_cv_header_inttypes_h=yes
ac_cv_header_memory_h=yes
ac_cv_header_stdc=yes
ac_cv_header_stdint_h=yes
ac_cv_header_stdlib_h=yes
ac_cv_header_string_h=yes
ac_cv_header_strings_h=yes
ac_cv_header_sys_stat_h=yes
ac_cv_header_sys_time_h=yes
ac_cv_header_sys_times_h=yes
ac_cv_header_sys_types_h=yes
ac_cv_header_time=yes
ac_cv_header_unistd_h=yes
ac_cv_host=i686-pc-linux-gnu
ac_cv_host_alias=i686-pc-linux-gnu
ac_cv_objext=o
ac_cv_path_install='/usr/bin/install -c'
ac_cv_prog_AWK=gawk
ac_cv_prog_CPP='gcc -E'
ac_cv_prog_CXXCPP='g++ -E'
ac_cv_prog_ac_ct_AR=ar
ac_cv_prog_ac_ct_CC=gcc
ac_cv_prog_ac_ct_CXX=g++
ac_cv_prog_ac_ct_RANLIB=ranlib
ac_cv_prog_ac_ct_STRIP=strip
ac_cv_prog_cc_g=yes
ac_cv_prog_cc_stdc=
ac_cv_prog_cxx_g=yes
ac_cv_prog_egrep='grep -E'
ac_cv_prog_f77_g=no
ac_cv_prog_make_make_set=yes
ac_cv_sizeof_int=4
ac_cv_sizeof_long=4
ac_cv_sizeof_short=2
ac_cv_type_int=yes
ac_cv_type_long=yes
ac_cv_type_short=yes
ac_cv_working_alloca_h=yes
am_cv_CC_dependencies_compiler_type=gcc3
am_cv_CXX_dependencies_compiler_type=gcc3
lt_cv_deplibs_check_method=pass_all
lt_cv_file_magic_cmd='$MAGIC_CMD'
lt_cv_file_magic_test_file=
lt_cv_ld_reload_flag=-r
lt_cv_objdir=.libs
lt_cv_path_LD=/usr/bin/ld
lt_cv_path_LDCXX=/usr/bin/ld
lt_cv_path_NM='/usr/bin/nm -B'
lt_cv_path_SED=/bin/sed
lt_cv_prog_compiler_c_o=yes
lt_cv_prog_compiler_c_o_CXX=yes
lt_cv_prog_compiler_rtti_exceptions=no
lt_cv_prog_gnu_ld=yes
lt_cv_prog_gnu_ldcxx=yes
lt_cv_sys_global_symbol_pipe='sed -n -e '\''s/^.*[ 	]\([ABCDGIRSTW][ABCDGIRSTW]*\)[ 	][ 	]*\([_A-Za-z][_A-Za-z0-9]*\)$/\1 \2 \2/p'\'''
lt_cv_sys_global_symbol_to_c_name_address='sed -n -e '\''s/^: \([^ ]*\) $/  {\"\1\", (lt_ptr) 0},/p'\'' -e '\''s/^[BCDEGRST] \([^ ]*\) \([^ ]*\)$/  {"\2", (lt_ptr) \&\2},/p'\'''
lt_cv_sys_global_symbol_to_cdecl='sed -n -e '\''s/^. .* \(.*\)$/extern int \1;/p'\'''
lt_cv_sys_max_cmd_len=32768
lt_lt_cv_prog_compiler_c_o='"yes"'
lt_lt_cv_prog_compiler_c_o_CXX='"yes"'
lt_lt_cv_sys_global_symbol_pipe='"sed -n -e '\''s/^.*[ 	]\\([ABCDGIRSTW][ABCDGIRSTW]*\\)[ 	][ 	]*\\([_A-Za-z][_A-Za-z0-9]*\\)\$/\\1 \\2 \\2/p'\''"'
lt_lt_cv_sys_global_symbol_to_c_name_address='"sed -n -e '\''s/^: \\([^ ]*\\) \$/  {\\\"\\1\\\", (lt_ptr) 0},/p'\'' -e '\''s/^[BCDEGRST] \\([^ ]*\\) \\([^ ]*\\)\$/  {\"\\2\", (lt_ptr) \\&\\2},/p'\''"'
lt_lt_cv_sys_global_symbol_to_cdecl='"sed -n -e '\''s/^. .* \\(.*\\)\$/extern int \\1;/p'\''"'

## ----------------- ##
## Output variables. ##
## ----------------- ##

ACLOCAL='${SHELL} /home/tom/projects/yog/onig/missing --run aclocal-1.9'
ALLOCA=''
AMDEPBACKSLASH='\'
AMDEP_FALSE='#'
AMDEP_TRUE=''
AMTAR='${SHELL} /home/tom/projects/yog/onig/missing --run tar'
AR='ar'
AUTOCONF='${SHELL} /home/tom/projects/yog/onig/missing --run autoconf'
AUTOHEADER='${SHELL} /home/tom/projects/yog/onig/missing --run autoheader'
AUTOMAKE='${SHELL} /home/tom/projects/yog/onig/missing --run automake-1.9'
AWK='gawk'
CC='gcc'
CCDEPMODE='depmode=gcc3'
CFLAGS='-g -O2'
CPP='gcc -E'
CPPFLAGS=''
CXX='g++'
CXXCPP='g++ -E'
CXXDEPMODE='depmode=gcc3'
CXXFLAGS='-g -O2'
CYGPATH_W='echo'
DEFS='-DHAVE_CONFIG_H'
DEPDIR='.deps'
ECHO='echo'
ECHO_C=''
ECHO_N='-n'
ECHO_T=''
EGREP='grep -E'
EXEEXT=''
F77=''
FFLAGS=''
INSTALL_DATA='${INSTALL} -m 644'
INSTALL_PROGRAM='${INSTALL}'
INSTALL_SCRIPT='${INSTALL}'
INSTALL_STRIP_PROGRAM='${SHELL} $(install_sh) -c -s'
LDFLAGS=''
LIBOBJS=''
LIBS=''
LIBTOOL='$(SHELL) $(top_builddir)/libtool'
LN_S='ln -s'
LTLIBOBJS=''
LTVERSION='2:0:0'
MAKEINFO='${SHELL} /home/tom/projects/yog/onig/missing --run makeinfo'
OBJEXT='o'
PACKAGE='onig'
PACKAGE_BUGREPORT=''
PACKAGE_NAME='onig'
PACKAGE_STRING='onig 5.9.1'
PACKAGE_TARNAME='onig'
PACKAGE_VERSION='5.9.1'
PATH_SEPARATOR=':'
RANLIB='ranlib'
RUBYDIR='..'
SET_MAKE=''
SHELL='/bin/bash'
STATISTICS=''
STRIP='strip'
VERSION='5.9.1'
ac_ct_AR='ar'
ac_ct_CC='gcc'
ac_ct_CXX='g++'
ac_ct_F77=''
ac_ct_RANLIB='ranlib'
ac_ct_STRIP='strip'
am__fastdepCC_FALSE='#'
am__fastdepCC_TRUE=''
am__fastdepCXX_FALSE='#'
am__fastdepCXX_TRUE=''
am__include='include'
am__leading_dot='.'
am__quote=''
am__tar='${AMTAR} chof - "$$tardir"'
am__untar='${AMTAR} xf -'
bindir='${exec_prefix}/bin'
build='i686-pc-linux-gnu'
build_alias=''
build_cpu='i686'
build_os='linux-gnu'
build_vendor='pc'
datadir='${prefix}/share'
exec_prefix='${prefix}'
host='i686-pc-linux-gnu'
host_alias=''
host_cpu='i686'
host_os='linux-gnu'
host_vendor='pc'
includedir='${prefix}/include'
infodir='${prefix}/info'
install_sh='/home/tom/projects/yog/onig/install-sh'
libdir='${exec_prefix}/lib'
libexecdir='${exec_prefix}/libexec'
localstatedir='${prefix}/var'
mandir='${prefix}/man'
mkdir_p='mkdir -p --'
oldincludedir='/usr/include'
prefix='/home/tom'
program_transform_name='s,x,x,'
sbindir='${exec_prefix}/sbin'
sharedstatedir='${prefix}/com'
sysconfdir='${prefix}/etc'
target_alias=''

## ----------- ##
## confdefs.h. ##
## ----------- ##

#define HAVE_ALLOCA 1
#define HAVE_ALLOCA_H 1
#define HAVE_DLFCN_H 1
#define HAVE_INTTYPES_H 1
#define HAVE_MEMORY_H 1
#define HAVE_PROTOTYPES 1
#define HAVE_STDARG_PROTOTYPES 1
#define HAVE_STDINT_H 1
#define HAVE_STDLIB_H 1
#define HAVE_STDLIB_H 1
#define HAVE_STRINGS_H 1
#define HAVE_STRINGS_H 1
#define HAVE_STRING_H 1
#define HAVE_STRING_H 1
#define HAVE_SYS_STAT_H 1
#define HAVE_SYS_TIMES_H 1
#define HAVE_SYS_TIME_H 1
#define HAVE_SYS_TYPES_H 1
#define HAVE_UNISTD_H 1
#define HAVE_UNISTD_H 1
#define PACKAGE "onig"
#define PACKAGE_BUGREPORT ""
#define PACKAGE_NAME "onig"
#define PACKAGE_STRING "onig 5.9.1"
#define PACKAGE_TARNAME "onig"
#define PACKAGE_VERSION "5.9.1"
#define SIZEOF_INT 4
#define SIZEOF_LONG 4
#define SIZEOF_SHORT 2
#define STDC_HEADERS 1
#define STDC_HEADERS 1
#define TIME_WITH_SYS_TIME 1
#define VERSION "5.9.1"
#endif
#ifdef __cplusplus
extern "C" void exit (int) throw ();

configure: exit 0
